2024-10-09 19:11:55,092 - allrank.utils.ltr_logging - INFO - created paths container PathsContainer(local_base_output_path='/allrank/neuralNDCG', base_output_path='/allrank/neuralNDCG', output_dir='/allrank/neuralNDCG/results/deep_model_train_with_hci_no_pos_encoding_pytorch_24', tensorboard_output_path='/allrank/neuralNDCG/tb_evals/single/deep_model_train_with_hci_no_pos_encoding_pytorch_24', config_path='/allrank/scripts/deep_playback_config.json')
2024-10-09 19:11:55,092 - allrank.utils.ltr_logging - INFO - Config:
 {'click_model': None,
 'data': DataConfig(path='/allrank/playback_data_with_hci_no_interaction_features', num_workers=1, batch_size=80, slate_length=250, validation_ds_role='vali', test_ds_role='vali'),
 'detect_anomaly': False,
 'expected_metrics': {},
 'loss': NameArgsConfig(name='neuralNDCG', args={}),
 'lr_scheduler': NameArgsConfig(name='ReduceLROnPlateau', args={'mode': 'min', 'factor': 0.1, 'patience': 5, 'threshold': 0.0001, 'cooldown': 0, 'min_lr': 1e-06}),
 'metrics': defaultdict(<class 'list'>,
                        {'ndcg': [5]}),
 'model': ModelConfig(fc_model={'sizes': [64], 'input_norm': False, 'activation': 'ReLU', 'dropout': 0.2}, transformer=TransformerConfig(N=2, d_ff=128, h=4, positional_encoding=None, dropout=0.1), post_model={'output_activation': 'Sigmoid', 'd_output': 1}),
 'optimizer': NameArgsConfig(name='Adam', args={'lr': 0.001, 'weight_decay': 0.0001, 'capturable': True}),
 'training': TrainingConfig(epochs=400, gradient_clipping_norm=None, early_stopping_patience=30),
 'val_metric': 'ndcg_5'}
2024-10-09 19:11:55,092 - allrank.utils.ltr_logging - INFO - will execute cp /allrank/scripts/deep_playback_config.json /allrank/neuralNDCG/results/deep_model_train_with_hci_no_pos_encoding_pytorch_24/used_config.json
2024-10-09 19:11:55,098 - allrank.utils.ltr_logging - INFO - exit_code = 0
2024-10-09 19:11:55,098 - allrank.utils.ltr_logging - INFO - will load train data from /allrank/playback_data_with_hci_no_interaction_features/train.txt
2024-10-09 19:15:11,474 - allrank.utils.ltr_logging - INFO - loaded dataset from <_io.BufferedReader name='/allrank/playback_data_with_hci_no_interaction_features/train.txt'> and got x shape (23037412, 29), y shape (23037412,) and query_ids shape (23037412,)
2024-10-09 19:15:16,013 - allrank.utils.ltr_logging - INFO - loaded dataset with 245153 queries
2024-10-09 19:15:16,013 - allrank.utils.ltr_logging - INFO - longest query had 250 documents
2024-10-09 19:15:16,193 - allrank.utils.ltr_logging - INFO - train DS shape: [245153, 250, 29]
2024-10-09 19:15:16,193 - allrank.utils.ltr_logging - INFO - will load vali data from /allrank/playback_data_with_hci_no_interaction_features/vali.txt
2024-10-09 19:16:04,947 - allrank.utils.ltr_logging - INFO - loaded dataset from <_io.BufferedReader name='/allrank/playback_data_with_hci_no_interaction_features/vali.txt'> and got x shape (5748014, 29), y shape (5748014,) and query_ids shape (5748014,)
2024-10-09 19:16:06,063 - allrank.utils.ltr_logging - INFO - loaded dataset with 61163 queries
2024-10-09 19:16:06,063 - allrank.utils.ltr_logging - INFO - longest query had 250 documents
2024-10-09 19:16:06,112 - allrank.utils.ltr_logging - INFO - vali DS shape: [61163, 250, 29]
2024-10-09 19:16:06,112 - allrank.utils.ltr_logging - INFO - Will pad to the longest slate: 250
2024-10-09 19:16:06,218 - allrank.utils.ltr_logging - INFO - total batch size is 640
2024-10-09 19:16:07,141 - allrank.utils.ltr_logging - INFO - Model training will execute on cuda
2024-10-09 19:16:07,185 - allrank.utils.ltr_logging - INFO - Model training will be distributed to 8 GPUs.
2024-10-09 19:16:07,371 - allrank.utils.ltr_logging - INFO - Model has 69057 trainable parameters
2024-10-09 19:16:07,371 - allrank.utils.ltr_logging - INFO - Current learning rate: 0.001
2024-10-09 19:22:34,470 - allrank.utils.ltr_logging - INFO - Epoch : 0 Train loss: -0.6673812312420906 Val loss: -0.7048870754725696 Train ndcg_5 0.7461609244346619 Val ndcg_5 0.7690503597259521
2024-10-09 19:22:34,471 - allrank.utils.ltr_logging - INFO - Current:0.7690503597259521 Best:0.0
2024-10-09 19:22:34,471 - allrank.utils.ltr_logging - INFO - Current learning rate: 0.001
2024-10-09 19:28:56,642 - allrank.utils.ltr_logging - INFO - Epoch : 1 Train loss: -0.7005936019958521 Val loss: -0.7095322640356575 Train ndcg_5 0.7590734958648682 Val ndcg_5 0.7759529948234558
2024-10-09 19:28:56,644 - allrank.utils.ltr_logging - INFO - Current:0.7759529948234558 Best:0.7690503597259521
2024-10-09 19:28:56,644 - allrank.utils.ltr_logging - INFO - Current learning rate: 0.001
2024-10-09 19:35:18,671 - allrank.utils.ltr_logging - INFO - Epoch : 2 Train loss: -0.7060445947652405 Val loss: -0.7134820864693817 Train ndcg_5 0.7637911438941956 Val ndcg_5 0.778217077255249
2024-10-09 19:35:18,673 - allrank.utils.ltr_logging - INFO - Current:0.778217077255249 Best:0.7759529948234558
2024-10-09 19:35:18,674 - allrank.utils.ltr_logging - INFO - Current learning rate: 0.001
2024-10-09 19:41:40,792 - allrank.utils.ltr_logging - INFO - Epoch : 3 Train loss: -0.7084242547899936 Val loss: -0.7112795532089833 Train ndcg_5 0.7676312923431396 Val ndcg_5 0.7803069353103638
2024-10-09 19:41:40,795 - allrank.utils.ltr_logging - INFO - Current:0.7803069353103638 Best:0.778217077255249
2024-10-09 19:41:40,795 - allrank.utils.ltr_logging - INFO - Current learning rate: 0.001
2024-10-09 19:48:05,361 - allrank.utils.ltr_logging - INFO - Epoch : 4 Train loss: -0.7101992356242446 Val loss: -0.7163420667987527 Train ndcg_5 0.7695336937904358 Val ndcg_5 0.781343400478363
2024-10-09 19:48:05,364 - allrank.utils.ltr_logging - INFO - Current:0.781343400478363 Best:0.7803069353103638
2024-10-09 19:48:05,364 - allrank.utils.ltr_logging - INFO - Current learning rate: 0.001
2024-10-09 19:54:28,494 - allrank.utils.ltr_logging - INFO - Epoch : 5 Train loss: -0.7111168093297828 Val loss: -0.7174015863783377 Train ndcg_5 0.7698955535888672 Val ndcg_5 0.7817274332046509
2024-10-09 19:54:28,496 - allrank.utils.ltr_logging - INFO - Current:0.7817274332046509 Best:0.781343400478363
2024-10-09 19:54:28,496 - allrank.utils.ltr_logging - INFO - Current learning rate: 0.001
2024-10-09 20:00:50,127 - allrank.utils.ltr_logging - INFO - Epoch : 6 Train loss: -0.7119827055017108 Val loss: -0.7174228517725366 Train ndcg_5 0.7723847031593323 Val ndcg_5 0.7832110524177551
2024-10-09 20:00:50,129 - allrank.utils.ltr_logging - INFO - Current:0.7832110524177551 Best:0.7817274332046509
2024-10-09 20:00:50,130 - allrank.utils.ltr_logging - INFO - Current learning rate: 0.0001
2024-10-09 20:07:15,386 - allrank.utils.ltr_logging - INFO - Epoch : 7 Train loss: -0.7140449974756036 Val loss: -0.7183583484225265 Train ndcg_5 0.7735633254051208 Val ndcg_5 0.7838584184646606
2024-10-09 20:07:15,389 - allrank.utils.ltr_logging - INFO - Current:0.7838584184646606 Best:0.7832110524177551
2024-10-09 20:07:15,390 - allrank.utils.ltr_logging - INFO - Current learning rate: 0.0001
2024-10-09 20:13:38,014 - allrank.utils.ltr_logging - INFO - Epoch : 8 Train loss: -0.7144198921995607 Val loss: -0.7182240255787681 Train ndcg_5 0.7741449475288391 Val ndcg_5 0.7833221554756165
2024-10-09 20:13:38,017 - allrank.utils.ltr_logging - INFO - Current:0.7833221554756165 Best:0.7838584184646606
2024-10-09 20:13:38,018 - allrank.utils.ltr_logging - INFO - Current learning rate: 0.0001
2024-10-09 20:20:01,695 - allrank.utils.ltr_logging - INFO - Epoch : 9 Train loss: -0.714770384865876 Val loss: -0.7174883767188442 Train ndcg_5 0.7744724154472351 Val ndcg_5 0.783784806728363
2024-10-09 20:20:01,698 - allrank.utils.ltr_logging - INFO - Current:0.783784806728363 Best:0.7838584184646606
2024-10-09 20:20:01,698 - allrank.utils.ltr_logging - INFO - Current learning rate: 0.0001
2024-10-09 20:26:27,189 - allrank.utils.ltr_logging - INFO - Epoch : 10 Train loss: -0.7147358034449034 Val loss: -0.7184484368831374 Train ndcg_5 0.7745010852813721 Val ndcg_5 0.7836530208587646
2024-10-09 20:26:27,192 - allrank.utils.ltr_logging - INFO - Current:0.7836530208587646 Best:0.7838584184646606
2024-10-09 20:26:27,192 - allrank.utils.ltr_logging - INFO - Current learning rate: 0.0001
2024-10-09 20:32:52,228 - allrank.utils.ltr_logging - INFO - Epoch : 11 Train loss: -0.7149619469099364 Val loss: -0.7183954835477934 Train ndcg_5 0.7751032114028931 Val ndcg_5 0.7839619517326355
2024-10-09 20:32:52,231 - allrank.utils.ltr_logging - INFO - Current:0.7839619517326355 Best:0.7838584184646606
2024-10-09 20:32:52,231 - allrank.utils.ltr_logging - INFO - Current learning rate: 0.0001
2024-10-09 20:39:15,410 - allrank.utils.ltr_logging - INFO - Epoch : 12 Train loss: -0.715122802802845 Val loss: -0.7186525195596801 Train ndcg_5 0.7754145860671997 Val ndcg_5 0.7837631106376648
2024-10-09 20:39:15,412 - allrank.utils.ltr_logging - INFO - Current:0.7837631106376648 Best:0.7839619517326355
2024-10-09 20:39:15,412 - allrank.utils.ltr_logging - INFO - Current learning rate: 1e-05
2024-10-09 20:45:38,404 - allrank.utils.ltr_logging - INFO - Epoch : 13 Train loss: -0.7152908039584243 Val loss: -0.7185730845500611 Train ndcg_5 0.7748095989227295 Val ndcg_5 0.783966600894928
2024-10-09 20:45:38,407 - allrank.utils.ltr_logging - INFO - Current:0.783966600894928 Best:0.7839619517326355
2024-10-09 20:45:38,407 - allrank.utils.ltr_logging - INFO - Current learning rate: 1e-05
2024-10-09 20:52:00,856 - allrank.utils.ltr_logging - INFO - Epoch : 14 Train loss: -0.7153628837790319 Val loss: -0.7184944581260819 Train ndcg_5 0.7751985192298889 Val ndcg_5 0.7839897871017456
2024-10-09 20:52:00,859 - allrank.utils.ltr_logging - INFO - Current:0.7839897871017456 Best:0.783966600894928
2024-10-09 20:52:00,859 - allrank.utils.ltr_logging - INFO - Current learning rate: 1e-05
2024-10-09 20:58:21,703 - allrank.utils.ltr_logging - INFO - Epoch : 15 Train loss: -0.7154056290803382 Val loss: -0.7185775725489486 Train ndcg_5 0.7753136157989502 Val ndcg_5 0.7840128540992737
2024-10-09 20:58:21,705 - allrank.utils.ltr_logging - INFO - Current:0.7840128540992737 Best:0.7839897871017456
2024-10-09 20:58:21,705 - allrank.utils.ltr_logging - INFO - Current learning rate: 1e-05
2024-10-09 21:04:47,587 - allrank.utils.ltr_logging - INFO - Epoch : 16 Train loss: -0.7155833019535641 Val loss: -0.7186069796776215 Train ndcg_5 0.7754645347595215 Val ndcg_5 0.7840620875358582
2024-10-09 21:04:47,589 - allrank.utils.ltr_logging - INFO - Current:0.7840620875358582 Best:0.7840128540992737
2024-10-09 21:04:47,589 - allrank.utils.ltr_logging - INFO - Current learning rate: 1e-05
2024-10-09 21:11:10,887 - allrank.utils.ltr_logging - INFO - Epoch : 17 Train loss: -0.715377143673334 Val loss: -0.7186609739196048 Train ndcg_5 0.7753394246101379 Val ndcg_5 0.7840791344642639
2024-10-09 21:11:10,890 - allrank.utils.ltr_logging - INFO - Current:0.7840791344642639 Best:0.7840620875358582
2024-10-09 21:11:10,890 - allrank.utils.ltr_logging - INFO - Current learning rate: 1e-05
2024-10-09 21:17:34,940 - allrank.utils.ltr_logging - INFO - Epoch : 18 Train loss: -0.7153649921629306 Val loss: -0.7188716610077172 Train ndcg_5 0.7756500244140625 Val ndcg_5 0.7840064167976379
2024-10-09 21:17:34,943 - allrank.utils.ltr_logging - INFO - Current:0.7840064167976379 Best:0.7840791344642639
2024-10-09 21:17:34,944 - allrank.utils.ltr_logging - INFO - Current learning rate: 1.0000000000000002e-06
2024-10-09 21:23:56,163 - allrank.utils.ltr_logging - INFO - Epoch : 19 Train loss: -0.715618243590307 Val loss: -0.7187565938194979 Train ndcg_5 0.7754084467887878 Val ndcg_5 0.7840229272842407
2024-10-09 21:23:56,166 - allrank.utils.ltr_logging - INFO - Current:0.7840229272842407 Best:0.7840791344642639
2024-10-09 21:23:56,166 - allrank.utils.ltr_logging - INFO - Current learning rate: 1.0000000000000002e-06
2024-10-09 21:30:20,196 - allrank.utils.ltr_logging - INFO - Epoch : 20 Train loss: -0.7154538082769547 Val loss: -0.718725320654098 Train ndcg_5 0.7754302620887756 Val ndcg_5 0.7840059399604797
2024-10-09 21:30:20,199 - allrank.utils.ltr_logging - INFO - Current:0.7840059399604797 Best:0.7840791344642639
2024-10-09 21:30:20,199 - allrank.utils.ltr_logging - INFO - Current learning rate: 1.0000000000000002e-06
2024-10-09 21:36:44,797 - allrank.utils.ltr_logging - INFO - Epoch : 21 Train loss: -0.7156258194164423 Val loss: -0.718759439155578 Train ndcg_5 0.7756691575050354 Val ndcg_5 0.7840057015419006
2024-10-09 21:36:44,800 - allrank.utils.ltr_logging - INFO - Current:0.7840057015419006 Best:0.7840791344642639
2024-10-09 21:36:44,800 - allrank.utils.ltr_logging - INFO - Current learning rate: 1.0000000000000002e-06
2024-10-09 21:43:08,117 - allrank.utils.ltr_logging - INFO - Epoch : 22 Train loss: -0.7154047948010646 Val loss: -0.7187438093652915 Train ndcg_5 0.7754679918289185 Val ndcg_5 0.7840239405632019
2024-10-09 21:43:08,119 - allrank.utils.ltr_logging - INFO - Current:0.7840239405632019 Best:0.7840791344642639
2024-10-09 21:43:08,120 - allrank.utils.ltr_logging - INFO - Current learning rate: 1.0000000000000002e-06
2024-10-09 21:49:30,689 - allrank.utils.ltr_logging - INFO - Epoch : 23 Train loss: -0.7155596449560487 Val loss: -0.7187474024408267 Train ndcg_5 0.7753794193267822 Val ndcg_5 0.784010648727417
2024-10-09 21:49:30,692 - allrank.utils.ltr_logging - INFO - Current:0.784010648727417 Best:0.7840791344642639
2024-10-09 21:49:30,692 - allrank.utils.ltr_logging - INFO - Current learning rate: 1.0000000000000002e-06
2024-10-09 21:55:52,345 - allrank.utils.ltr_logging - INFO - Epoch : 24 Train loss: -0.7155322213582114 Val loss: -0.7187496000876532 Train ndcg_5 0.7754077315330505 Val ndcg_5 0.7840534448623657
2024-10-09 21:55:52,348 - allrank.utils.ltr_logging - INFO - Current:0.7840534448623657 Best:0.7840791344642639
2024-10-09 21:55:52,348 - allrank.utils.ltr_logging - INFO - Current learning rate: 1.0000000000000002e-06
2024-10-09 22:02:17,182 - allrank.utils.ltr_logging - INFO - Epoch : 25 Train loss: -0.7155045337934391 Val loss: -0.7187739272230503 Train ndcg_5 0.7756112217903137 Val ndcg_5 0.7840304374694824
2024-10-09 22:02:17,185 - allrank.utils.ltr_logging - INFO - Current:0.7840304374694824 Best:0.7840791344642639
2024-10-09 22:02:17,185 - allrank.utils.ltr_logging - INFO - Current learning rate: 1.0000000000000002e-06
2024-10-09 22:08:38,119 - allrank.utils.ltr_logging - INFO - Epoch : 26 Train loss: -0.7155291623267519 Val loss: -0.7187790826754575 Train ndcg_5 0.7757819890975952 Val ndcg_5 0.7840365767478943
2024-10-09 22:08:38,121 - allrank.utils.ltr_logging - INFO - Current:0.7840365767478943 Best:0.7840791344642639
2024-10-09 22:08:38,122 - allrank.utils.ltr_logging - INFO - Current learning rate: 1.0000000000000002e-06
2024-10-09 22:14:59,939 - allrank.utils.ltr_logging - INFO - Epoch : 27 Train loss: -0.7157372567196402 Val loss: -0.7187600886165114 Train ndcg_5 0.7755328416824341 Val ndcg_5 0.7840057015419006
2024-10-09 22:14:59,942 - allrank.utils.ltr_logging - INFO - Current:0.7840057015419006 Best:0.7840791344642639
2024-10-09 22:14:59,942 - allrank.utils.ltr_logging - INFO - Current learning rate: 1.0000000000000002e-06
2024-10-09 22:21:20,266 - allrank.utils.ltr_logging - INFO - Epoch : 28 Train loss: -0.7156208126656687 Val loss: -0.718770388261707 Train ndcg_5 0.7755996584892273 Val ndcg_5 0.7839437127113342
2024-10-09 22:21:20,268 - allrank.utils.ltr_logging - INFO - Current:0.7839437127113342 Best:0.7840791344642639
2024-10-09 22:21:20,269 - allrank.utils.ltr_logging - INFO - Current learning rate: 1.0000000000000002e-06
2024-10-09 22:27:43,494 - allrank.utils.ltr_logging - INFO - Epoch : 29 Train loss: -0.7156567236813809 Val loss: -0.7187806240280075 Train ndcg_5 0.7756631374359131 Val ndcg_5 0.7840082049369812
2024-10-09 22:27:43,497 - allrank.utils.ltr_logging - INFO - Current:0.7840082049369812 Best:0.7840791344642639
2024-10-09 22:27:43,497 - allrank.utils.ltr_logging - INFO - Current learning rate: 1.0000000000000002e-06
2024-10-09 22:34:09,432 - allrank.utils.ltr_logging - INFO - Epoch : 30 Train loss: -0.7154632040149793 Val loss: -0.7187925415276222 Train ndcg_5 0.775409996509552 Val ndcg_5 0.7840144634246826
2024-10-09 22:34:09,435 - allrank.utils.ltr_logging - INFO - Current:0.7840144634246826 Best:0.7840791344642639
2024-10-09 22:34:09,435 - allrank.utils.ltr_logging - INFO - Current learning rate: 1.0000000000000002e-06
2024-10-09 22:40:31,462 - allrank.utils.ltr_logging - INFO - Epoch : 31 Train loss: -0.7154067146289557 Val loss: -0.7187697828929888 Train ndcg_5 0.7753691673278809 Val ndcg_5 0.784034013748169
2024-10-09 22:40:31,464 - allrank.utils.ltr_logging - INFO - Current:0.784034013748169 Best:0.7840791344642639
2024-10-09 22:40:31,465 - allrank.utils.ltr_logging - INFO - Current learning rate: 1.0000000000000002e-06
2024-10-09 22:46:53,887 - allrank.utils.ltr_logging - INFO - Epoch : 32 Train loss: -0.7155088125544145 Val loss: -0.7187699699201884 Train ndcg_5 0.775432288646698 Val ndcg_5 0.7840255498886108
2024-10-09 22:46:53,890 - allrank.utils.ltr_logging - INFO - Current:0.7840255498886108 Best:0.7840791344642639
2024-10-09 22:46:53,890 - allrank.utils.ltr_logging - INFO - Current learning rate: 1.0000000000000002e-06
2024-10-09 22:53:18,798 - allrank.utils.ltr_logging - INFO - Epoch : 33 Train loss: -0.7154565247503799 Val loss: -0.7187850071732783 Train ndcg_5 0.7755792737007141 Val ndcg_5 0.7840871214866638
2024-10-09 22:53:18,800 - allrank.utils.ltr_logging - INFO - Current:0.7840871214866638 Best:0.7840791344642639
2024-10-09 22:53:18,800 - allrank.utils.ltr_logging - INFO - Current learning rate: 1.0000000000000002e-06
2024-10-09 22:59:40,920 - allrank.utils.ltr_logging - INFO - Epoch : 34 Train loss: -0.7156392359485295 Val loss: -0.7187955733773294 Train ndcg_5 0.7752445936203003 Val ndcg_5 0.7840499877929688
2024-10-09 22:59:40,923 - allrank.utils.ltr_logging - INFO - Current:0.7840499877929688 Best:0.7840871214866638
2024-10-09 22:59:40,923 - allrank.utils.ltr_logging - INFO - Current learning rate: 1.0000000000000002e-06
2024-10-09 23:06:02,841 - allrank.utils.ltr_logging - INFO - Epoch : 35 Train loss: -0.7156445785918619 Val loss: -0.7187668085663489 Train ndcg_5 0.7754117250442505 Val ndcg_5 0.784064531326294
2024-10-09 23:06:02,844 - allrank.utils.ltr_logging - INFO - Current:0.784064531326294 Best:0.7840871214866638
2024-10-09 23:06:02,844 - allrank.utils.ltr_logging - INFO - Current learning rate: 1.0000000000000002e-06
2024-10-09 23:12:23,903 - allrank.utils.ltr_logging - INFO - Epoch : 36 Train loss: -0.7154944675734869 Val loss: -0.7187868679573356 Train ndcg_5 0.7755056023597717 Val ndcg_5 0.7840728759765625
2024-10-09 23:12:23,905 - allrank.utils.ltr_logging - INFO - Current:0.7840728759765625 Best:0.7840871214866638
2024-10-09 23:12:23,906 - allrank.utils.ltr_logging - INFO - Current learning rate: 1.0000000000000002e-06
2024-10-09 23:18:44,718 - allrank.utils.ltr_logging - INFO - Epoch : 37 Train loss: -0.7156413744395171 Val loss: -0.7187533998601255 Train ndcg_5 0.7756718993186951 Val ndcg_5 0.7840452790260315
2024-10-09 23:18:44,721 - allrank.utils.ltr_logging - INFO - Current:0.7840452790260315 Best:0.7840871214866638
2024-10-09 23:18:44,721 - allrank.utils.ltr_logging - INFO - Current learning rate: 1.0000000000000002e-06
2024-10-09 23:25:05,586 - allrank.utils.ltr_logging - INFO - Epoch : 38 Train loss: -0.7154974700875972 Val loss: -0.7187916280269708 Train ndcg_5 0.775590717792511 Val ndcg_5 0.7840691208839417
2024-10-09 23:25:05,588 - allrank.utils.ltr_logging - INFO - Current:0.7840691208839417 Best:0.7840871214866638
2024-10-09 23:25:05,589 - allrank.utils.ltr_logging - INFO - Current learning rate: 1.0000000000000002e-06
2024-10-09 23:31:27,060 - allrank.utils.ltr_logging - INFO - Epoch : 39 Train loss: -0.7157370159684485 Val loss: -0.7187692977821449 Train ndcg_5 0.7752860188484192 Val ndcg_5 0.7840614318847656
2024-10-09 23:31:27,062 - allrank.utils.ltr_logging - INFO - Current:0.7840614318847656 Best:0.7840871214866638
2024-10-09 23:31:27,063 - allrank.utils.ltr_logging - INFO - Current learning rate: 1.0000000000000002e-06
2024-10-09 23:37:48,170 - allrank.utils.ltr_logging - INFO - Epoch : 40 Train loss: -0.7155582616910406 Val loss: -0.7188011389950217 Train ndcg_5 0.7755323052406311 Val ndcg_5 0.7840414643287659
2024-10-09 23:37:48,172 - allrank.utils.ltr_logging - INFO - Current:0.7840414643287659 Best:0.7840871214866638
2024-10-09 23:37:48,173 - allrank.utils.ltr_logging - INFO - Current learning rate: 1.0000000000000002e-06
2024-10-09 23:44:12,512 - allrank.utils.ltr_logging - INFO - Epoch : 41 Train loss: -0.7154675122494404 Val loss: -0.7187972105116774 Train ndcg_5 0.7756040096282959 Val ndcg_5 0.7840410470962524
2024-10-09 23:44:12,514 - allrank.utils.ltr_logging - INFO - Current:0.7840410470962524 Best:0.7840871214866638
2024-10-09 23:44:12,514 - allrank.utils.ltr_logging - INFO - Current learning rate: 1.0000000000000002e-06
2024-10-09 23:50:36,443 - allrank.utils.ltr_logging - INFO - Epoch : 42 Train loss: -0.7155407821877356 Val loss: -0.7187675544386211 Train ndcg_5 0.7756038308143616 Val ndcg_5 0.7840449810028076
2024-10-09 23:50:36,445 - allrank.utils.ltr_logging - INFO - Current:0.7840449810028076 Best:0.7840871214866638
2024-10-09 23:50:36,446 - allrank.utils.ltr_logging - INFO - Current learning rate: 1.0000000000000002e-06
2024-10-09 23:56:59,674 - allrank.utils.ltr_logging - INFO - Epoch : 43 Train loss: -0.7155300928103676 Val loss: -0.7188030769280302 Train ndcg_5 0.7754114866256714 Val ndcg_5 0.7840425968170166
2024-10-09 23:56:59,676 - allrank.utils.ltr_logging - INFO - Current:0.7840425968170166 Best:0.7840871214866638
2024-10-09 23:56:59,677 - allrank.utils.ltr_logging - INFO - Current learning rate: 1.0000000000000002e-06
2024-10-10 00:03:23,766 - allrank.utils.ltr_logging - INFO - Epoch : 44 Train loss: -0.7156320461286801 Val loss: -0.7187814962040842 Train ndcg_5 0.7757060527801514 Val ndcg_5 0.7840427160263062
2024-10-10 00:03:23,768 - allrank.utils.ltr_logging - INFO - Current:0.7840427160263062 Best:0.7840871214866638
2024-10-10 00:03:23,769 - allrank.utils.ltr_logging - INFO - Current learning rate: 1.0000000000000002e-06
2024-10-10 00:09:46,322 - allrank.utils.ltr_logging - INFO - Epoch : 45 Train loss: -0.7156868301174599 Val loss: -0.7187655662641682 Train ndcg_5 0.7750851511955261 Val ndcg_5 0.7840338349342346
2024-10-10 00:09:46,324 - allrank.utils.ltr_logging - INFO - Current:0.7840338349342346 Best:0.7840871214866638
2024-10-10 00:09:46,324 - allrank.utils.ltr_logging - INFO - Current learning rate: 1.0000000000000002e-06
2024-10-10 00:16:08,104 - allrank.utils.ltr_logging - INFO - Epoch : 46 Train loss: -0.7155353908257699 Val loss: -0.718775494923732 Train ndcg_5 0.7754655480384827 Val ndcg_5 0.78404700756073
2024-10-10 00:16:08,107 - allrank.utils.ltr_logging - INFO - Current:0.78404700756073 Best:0.7840871214866638
2024-10-10 00:16:08,107 - allrank.utils.ltr_logging - INFO - Current learning rate: 1.0000000000000002e-06
2024-10-10 00:22:34,474 - allrank.utils.ltr_logging - INFO - Epoch : 47 Train loss: -0.7156253916475419 Val loss: -0.7188066450256106 Train ndcg_5 0.775304913520813 Val ndcg_5 0.7839999198913574
2024-10-10 00:22:34,477 - allrank.utils.ltr_logging - INFO - Current:0.7839999198913574 Best:0.7840871214866638
2024-10-10 00:22:34,477 - allrank.utils.ltr_logging - INFO - Current learning rate: 1.0000000000000002e-06
2024-10-10 00:28:55,972 - allrank.utils.ltr_logging - INFO - Epoch : 48 Train loss: -0.7155691580108201 Val loss: -0.7187698627403895 Train ndcg_5 0.7758974432945251 Val ndcg_5 0.7840599417686462
2024-10-10 00:28:55,974 - allrank.utils.ltr_logging - INFO - Current:0.7840599417686462 Best:0.7840871214866638
2024-10-10 00:28:55,974 - allrank.utils.ltr_logging - INFO - Current learning rate: 1.0000000000000002e-06
2024-10-10 00:35:18,831 - allrank.utils.ltr_logging - INFO - Epoch : 49 Train loss: -0.7153727189684702 Val loss: -0.7187928649527177 Train ndcg_5 0.7753965258598328 Val ndcg_5 0.7840179204940796
2024-10-10 00:35:18,834 - allrank.utils.ltr_logging - INFO - Current:0.7840179204940796 Best:0.7840871214866638
2024-10-10 00:35:18,834 - allrank.utils.ltr_logging - INFO - Current learning rate: 1.0000000000000002e-06
2024-10-10 00:41:42,894 - allrank.utils.ltr_logging - INFO - Epoch : 50 Train loss: -0.7155543365729934 Val loss: -0.7187707667842863 Train ndcg_5 0.7752941250801086 Val ndcg_5 0.7840113043785095
2024-10-10 00:41:42,896 - allrank.utils.ltr_logging - INFO - Current:0.7840113043785095 Best:0.7840871214866638
2024-10-10 00:41:42,897 - allrank.utils.ltr_logging - INFO - Current learning rate: 1.0000000000000002e-06
2024-10-10 00:48:06,038 - allrank.utils.ltr_logging - INFO - Epoch : 51 Train loss: -0.7155378254330937 Val loss: -0.7188071965364361 Train ndcg_5 0.7751284241676331 Val ndcg_5 0.7840098738670349
2024-10-10 00:48:06,041 - allrank.utils.ltr_logging - INFO - Current:0.7840098738670349 Best:0.7840871214866638
2024-10-10 00:48:06,041 - allrank.utils.ltr_logging - INFO - Current learning rate: 1.0000000000000002e-06
2024-10-10 00:54:27,908 - allrank.utils.ltr_logging - INFO - Epoch : 52 Train loss: -0.7155725039507045 Val loss: -0.7187929580000091 Train ndcg_5 0.7754052877426147 Val ndcg_5 0.7840616106987
2024-10-10 00:54:27,910 - allrank.utils.ltr_logging - INFO - Current:0.7840616106987 Best:0.7840871214866638
2024-10-10 00:54:27,910 - allrank.utils.ltr_logging - INFO - Current learning rate: 1.0000000000000002e-06
2024-10-10 01:00:48,241 - allrank.utils.ltr_logging - INFO - Epoch : 53 Train loss: -0.7157773156259206 Val loss: -0.718773681169097 Train ndcg_5 0.7753951549530029 Val ndcg_5 0.7840635180473328
2024-10-10 01:00:48,243 - allrank.utils.ltr_logging - INFO - Current:0.7840635180473328 Best:0.7840871214866638
2024-10-10 01:00:48,243 - allrank.utils.ltr_logging - INFO - Current learning rate: 1.0000000000000002e-06
2024-10-10 01:07:13,236 - allrank.utils.ltr_logging - INFO - Epoch : 54 Train loss: -0.7155213369934966 Val loss: -0.7187444709697345 Train ndcg_5 0.7752023339271545 Val ndcg_5 0.7840696573257446
2024-10-10 01:07:13,238 - allrank.utils.ltr_logging - INFO - Current:0.7840696573257446 Best:0.7840871214866638
2024-10-10 01:07:13,238 - allrank.utils.ltr_logging - INFO - Current learning rate: 1.0000000000000002e-06
2024-10-10 01:13:35,369 - allrank.utils.ltr_logging - INFO - Epoch : 55 Train loss: -0.715610999872131 Val loss: -0.7188053175366272 Train ndcg_5 0.7755150198936462 Val ndcg_5 0.7840962409973145
2024-10-10 01:13:35,371 - allrank.utils.ltr_logging - INFO - Current:0.7840962409973145 Best:0.7840871214866638
2024-10-10 01:13:35,371 - allrank.utils.ltr_logging - INFO - Current learning rate: 1.0000000000000002e-06
2024-10-10 01:19:56,596 - allrank.utils.ltr_logging - INFO - Epoch : 56 Train loss: -0.7156178733163913 Val loss: -0.7187924094302888 Train ndcg_5 0.7759345173835754 Val ndcg_5 0.7841088771820068
2024-10-10 01:19:56,599 - allrank.utils.ltr_logging - INFO - Current:0.7841088771820068 Best:0.7840962409973145
2024-10-10 01:19:56,599 - allrank.utils.ltr_logging - INFO - Current learning rate: 1.0000000000000002e-06
2024-10-10 01:26:19,516 - allrank.utils.ltr_logging - INFO - Epoch : 57 Train loss: -0.7154837902795576 Val loss: -0.7187847003462292 Train ndcg_5 0.7755332589149475 Val ndcg_5 0.7841073274612427
2024-10-10 01:26:19,518 - allrank.utils.ltr_logging - INFO - Current:0.7841073274612427 Best:0.7841088771820068
2024-10-10 01:26:19,519 - allrank.utils.ltr_logging - INFO - Current learning rate: 1.0000000000000002e-06
2024-10-10 01:32:40,343 - allrank.utils.ltr_logging - INFO - Epoch : 58 Train loss: -0.7157345534468471 Val loss: -0.7187849968706395 Train ndcg_5 0.7755547165870667 Val ndcg_5 0.7841141819953918
2024-10-10 01:32:40,345 - allrank.utils.ltr_logging - INFO - Current:0.7841141819953918 Best:0.7841088771820068
2024-10-10 01:32:40,345 - allrank.utils.ltr_logging - INFO - Current learning rate: 1.0000000000000002e-06
2024-10-10 01:39:01,400 - allrank.utils.ltr_logging - INFO - Epoch : 59 Train loss: -0.7155205469747801 Val loss: -0.7188176387326548 Train ndcg_5 0.7756307125091553 Val ndcg_5 0.7841105461120605
2024-10-10 01:39:01,402 - allrank.utils.ltr_logging - INFO - Current:0.7841105461120605 Best:0.7841141819953918
2024-10-10 01:39:01,402 - allrank.utils.ltr_logging - INFO - Current learning rate: 1.0000000000000002e-06
2024-10-10 01:45:24,305 - allrank.utils.ltr_logging - INFO - Epoch : 60 Train loss: -0.7155222046079285 Val loss: -0.7188249782032086 Train ndcg_5 0.7757579684257507 Val ndcg_5 0.7841039896011353
2024-10-10 01:45:24,307 - allrank.utils.ltr_logging - INFO - Current:0.7841039896011353 Best:0.7841141819953918
2024-10-10 01:45:24,307 - allrank.utils.ltr_logging - INFO - Current learning rate: 1.0000000000000002e-06
2024-10-10 01:51:46,751 - allrank.utils.ltr_logging - INFO - Epoch : 61 Train loss: -0.715718626162492 Val loss: -0.7188415584596874 Train ndcg_5 0.7756185531616211 Val ndcg_5 0.7840991616249084
2024-10-10 01:51:46,753 - allrank.utils.ltr_logging - INFO - Current:0.7840991616249084 Best:0.7841141819953918
2024-10-10 01:51:46,753 - allrank.utils.ltr_logging - INFO - Current learning rate: 1.0000000000000002e-06
2024-10-10 01:58:10,375 - allrank.utils.ltr_logging - INFO - Epoch : 62 Train loss: -0.7156811586151468 Val loss: -0.7188054965922428 Train ndcg_5 0.7757372260093689 Val ndcg_5 0.7840998768806458
2024-10-10 01:58:10,376 - allrank.utils.ltr_logging - INFO - Current:0.7840998768806458 Best:0.7841141819953918
2024-10-10 01:58:10,376 - allrank.utils.ltr_logging - INFO - Current learning rate: 1.0000000000000002e-06
2024-10-10 02:04:33,953 - allrank.utils.ltr_logging - INFO - Epoch : 63 Train loss: -0.7156172924093136 Val loss: -0.7187963826977583 Train ndcg_5 0.7758257389068604 Val ndcg_5 0.7841077446937561
2024-10-10 02:04:33,956 - allrank.utils.ltr_logging - INFO - Current:0.7841077446937561 Best:0.7841141819953918
2024-10-10 02:04:33,956 - allrank.utils.ltr_logging - INFO - Current learning rate: 1.0000000000000002e-06
2024-10-10 02:10:57,681 - allrank.utils.ltr_logging - INFO - Epoch : 64 Train loss: -0.7155097522340281 Val loss: -0.7188252157369223 Train ndcg_5 0.7757088541984558 Val ndcg_5 0.7841336727142334
2024-10-10 02:10:57,684 - allrank.utils.ltr_logging - INFO - Current:0.7841336727142334 Best:0.7841141819953918
2024-10-10 02:10:57,684 - allrank.utils.ltr_logging - INFO - Current learning rate: 1.0000000000000002e-06
2024-10-10 02:17:20,076 - allrank.utils.ltr_logging - INFO - Epoch : 65 Train loss: -0.7155062113508041 Val loss: -0.7188377185661743 Train ndcg_5 0.7753334045410156 Val ndcg_5 0.7841163277626038
2024-10-10 02:17:20,078 - allrank.utils.ltr_logging - INFO - Current:0.7841163277626038 Best:0.7841336727142334
2024-10-10 02:17:20,078 - allrank.utils.ltr_logging - INFO - Current learning rate: 1.0000000000000002e-06
2024-10-10 02:23:42,305 - allrank.utils.ltr_logging - INFO - Epoch : 66 Train loss: -0.7156643169753658 Val loss: -0.7188137207312614 Train ndcg_5 0.7755303382873535 Val ndcg_5 0.7841532826423645
2024-10-10 02:23:42,308 - allrank.utils.ltr_logging - INFO - Current:0.7841532826423645 Best:0.7841336727142334
2024-10-10 02:23:42,308 - allrank.utils.ltr_logging - INFO - Current learning rate: 1.0000000000000002e-06
2024-10-10 02:30:05,957 - allrank.utils.ltr_logging - INFO - Epoch : 67 Train loss: -0.7155547771527847 Val loss: -0.7188304057565736 Train ndcg_5 0.7755435109138489 Val ndcg_5 0.7841327786445618
2024-10-10 02:30:05,959 - allrank.utils.ltr_logging - INFO - Current:0.7841327786445618 Best:0.7841532826423645
2024-10-10 02:30:05,959 - allrank.utils.ltr_logging - INFO - Current learning rate: 1.0000000000000002e-06
2024-10-10 02:36:29,121 - allrank.utils.ltr_logging - INFO - Epoch : 68 Train loss: -0.7156243868184052 Val loss: -0.7188250523847425 Train ndcg_5 0.7754210829734802 Val ndcg_5 0.7841227650642395
2024-10-10 02:36:29,123 - allrank.utils.ltr_logging - INFO - Current:0.7841227650642395 Best:0.7841532826423645
2024-10-10 02:36:29,124 - allrank.utils.ltr_logging - INFO - Current learning rate: 1.0000000000000002e-06
2024-10-10 02:42:52,599 - allrank.utils.ltr_logging - INFO - Epoch : 69 Train loss: -0.7155573890444968 Val loss: -0.7188329948461826 Train ndcg_5 0.7755132913589478 Val ndcg_5 0.7841320037841797
2024-10-10 02:42:52,602 - allrank.utils.ltr_logging - INFO - Current:0.7841320037841797 Best:0.7841532826423645
2024-10-10 02:42:52,602 - allrank.utils.ltr_logging - INFO - Current learning rate: 1.0000000000000002e-06
2024-10-10 02:49:15,569 - allrank.utils.ltr_logging - INFO - Epoch : 70 Train loss: -0.7156251964168195 Val loss: -0.7187842899753202 Train ndcg_5 0.7755922675132751 Val ndcg_5 0.7841725945472717
2024-10-10 02:49:15,572 - allrank.utils.ltr_logging - INFO - Current:0.7841725945472717 Best:0.7841532826423645
2024-10-10 02:49:15,572 - allrank.utils.ltr_logging - INFO - Current learning rate: 1.0000000000000002e-06
2024-10-10 02:55:39,874 - allrank.utils.ltr_logging - INFO - Epoch : 71 Train loss: -0.7155514812590368 Val loss: -0.7188172506402766 Train ndcg_5 0.7756271958351135 Val ndcg_5 0.7841341495513916
2024-10-10 02:55:39,876 - allrank.utils.ltr_logging - INFO - Current:0.7841341495513916 Best:0.7841725945472717
2024-10-10 02:55:39,876 - allrank.utils.ltr_logging - INFO - Current learning rate: 1.0000000000000002e-06
2024-10-10 03:02:03,067 - allrank.utils.ltr_logging - INFO - Epoch : 72 Train loss: -0.7154301642464211 Val loss: -0.7188383000698411 Train ndcg_5 0.7753198742866516 Val ndcg_5 0.7841335535049438
2024-10-10 03:02:03,070 - allrank.utils.ltr_logging - INFO - Current:0.7841335535049438 Best:0.7841725945472717
2024-10-10 03:02:03,070 - allrank.utils.ltr_logging - INFO - Current learning rate: 1.0000000000000002e-06
2024-10-10 03:08:24,668 - allrank.utils.ltr_logging - INFO - Epoch : 73 Train loss: -0.7156328915830497 Val loss: -0.7188375682540638 Train ndcg_5 0.7753502726554871 Val ndcg_5 0.7841214537620544
2024-10-10 03:08:24,671 - allrank.utils.ltr_logging - INFO - Current:0.7841214537620544 Best:0.7841725945472717
2024-10-10 03:08:24,671 - allrank.utils.ltr_logging - INFO - Current learning rate: 1.0000000000000002e-06
2024-10-10 03:14:45,127 - allrank.utils.ltr_logging - INFO - Epoch : 74 Train loss: -0.7158572539221376 Val loss: -0.7187925140100649 Train ndcg_5 0.7758631706237793 Val ndcg_5 0.7841686606407166
2024-10-10 03:14:45,130 - allrank.utils.ltr_logging - INFO - Current:0.7841686606407166 Best:0.7841725945472717
2024-10-10 03:14:45,130 - allrank.utils.ltr_logging - INFO - Current learning rate: 1.0000000000000002e-06
2024-10-10 03:21:06,404 - allrank.utils.ltr_logging - INFO - Epoch : 75 Train loss: -0.7155820947531488 Val loss: -0.7188079760667241 Train ndcg_5 0.7753875255584717 Val ndcg_5 0.7841455936431885
2024-10-10 03:21:06,406 - allrank.utils.ltr_logging - INFO - Current:0.7841455936431885 Best:0.7841725945472717
2024-10-10 03:21:06,406 - allrank.utils.ltr_logging - INFO - Current learning rate: 1.0000000000000002e-06
2024-10-10 03:27:28,842 - allrank.utils.ltr_logging - INFO - Epoch : 76 Train loss: -0.7156221406506286 Val loss: -0.7188316683200262 Train ndcg_5 0.7752415537834167 Val ndcg_5 0.7841106653213501
2024-10-10 03:27:28,844 - allrank.utils.ltr_logging - INFO - Current:0.7841106653213501 Best:0.7841725945472717
2024-10-10 03:27:28,845 - allrank.utils.ltr_logging - INFO - Current learning rate: 1.0000000000000002e-06
2024-10-10 03:33:51,528 - allrank.utils.ltr_logging - INFO - Epoch : 77 Train loss: -0.7156422741394065 Val loss: -0.7188448837864768 Train ndcg_5 0.7755836248397827 Val ndcg_5 0.7841479778289795
2024-10-10 03:33:51,530 - allrank.utils.ltr_logging - INFO - Current:0.7841479778289795 Best:0.7841725945472717
2024-10-10 03:33:51,530 - allrank.utils.ltr_logging - INFO - Current learning rate: 1.0000000000000002e-06
2024-10-10 03:40:15,271 - allrank.utils.ltr_logging - INFO - Epoch : 78 Train loss: -0.7155556190425898 Val loss: -0.718823793025516 Train ndcg_5 0.7756911516189575 Val ndcg_5 0.7840754389762878
2024-10-10 03:40:15,273 - allrank.utils.ltr_logging - INFO - Current:0.7840754389762878 Best:0.7841725945472717
2024-10-10 03:40:15,273 - allrank.utils.ltr_logging - INFO - Current learning rate: 1.0000000000000002e-06
2024-10-10 03:46:39,835 - allrank.utils.ltr_logging - INFO - Epoch : 79 Train loss: -0.7155739890792051 Val loss: -0.7188458847552852 Train ndcg_5 0.7753082513809204 Val ndcg_5 0.7841370105743408
2024-10-10 03:46:39,838 - allrank.utils.ltr_logging - INFO - Current:0.7841370105743408 Best:0.7841725945472717
2024-10-10 03:46:39,838 - allrank.utils.ltr_logging - INFO - Current learning rate: 1.0000000000000002e-06
2024-10-10 03:53:03,413 - allrank.utils.ltr_logging - INFO - Epoch : 80 Train loss: -0.7157449244918962 Val loss: -0.7188113661221911 Train ndcg_5 0.7755683064460754 Val ndcg_5 0.7841113209724426
2024-10-10 03:53:03,415 - allrank.utils.ltr_logging - INFO - Current:0.7841113209724426 Best:0.7841725945472717
2024-10-10 03:53:03,415 - allrank.utils.ltr_logging - INFO - Current learning rate: 1.0000000000000002e-06
2024-10-10 03:59:26,671 - allrank.utils.ltr_logging - INFO - Epoch : 81 Train loss: -0.7154843424162883 Val loss: -0.7188208153114402 Train ndcg_5 0.7757142782211304 Val ndcg_5 0.7840965390205383
2024-10-10 03:59:26,673 - allrank.utils.ltr_logging - INFO - Current:0.7840965390205383 Best:0.7841725945472717
2024-10-10 03:59:26,673 - allrank.utils.ltr_logging - INFO - Current learning rate: 1.0000000000000002e-06
2024-10-10 04:05:47,661 - allrank.utils.ltr_logging - INFO - Epoch : 82 Train loss: -0.7156686810347349 Val loss: -0.7188139754779445 Train ndcg_5 0.7757959961891174 Val ndcg_5 0.7841114401817322
2024-10-10 04:05:47,664 - allrank.utils.ltr_logging - INFO - Current:0.7841114401817322 Best:0.7841725945472717
2024-10-10 04:05:47,664 - allrank.utils.ltr_logging - INFO - Current learning rate: 1.0000000000000002e-06
2024-10-10 04:12:09,445 - allrank.utils.ltr_logging - INFO - Epoch : 83 Train loss: -0.7155343477244279 Val loss: -0.7188580666902735 Train ndcg_5 0.7755476832389832 Val ndcg_5 0.7840938568115234
2024-10-10 04:12:09,447 - allrank.utils.ltr_logging - INFO - Current:0.7840938568115234 Best:0.7841725945472717
2024-10-10 04:12:09,447 - allrank.utils.ltr_logging - INFO - Current learning rate: 1.0000000000000002e-06
2024-10-10 04:18:34,056 - allrank.utils.ltr_logging - INFO - Epoch : 84 Train loss: -0.7157018183718511 Val loss: -0.7187915679506578 Train ndcg_5 0.7756977081298828 Val ndcg_5 0.7840932011604309
2024-10-10 04:18:34,059 - allrank.utils.ltr_logging - INFO - Current:0.7840932011604309 Best:0.7841725945472717
2024-10-10 04:18:34,059 - allrank.utils.ltr_logging - INFO - Current learning rate: 1.0000000000000002e-06
2024-10-10 04:24:57,987 - allrank.utils.ltr_logging - INFO - Epoch : 85 Train loss: -0.7157013895095842 Val loss: -0.718853811331054 Train ndcg_5 0.775589108467102 Val ndcg_5 0.7841770648956299
2024-10-10 04:24:57,989 - allrank.utils.ltr_logging - INFO - Current:0.7841770648956299 Best:0.7841725945472717
2024-10-10 04:24:57,989 - allrank.utils.ltr_logging - INFO - Current learning rate: 1.0000000000000002e-06
2024-10-10 04:31:19,878 - allrank.utils.ltr_logging - INFO - Epoch : 86 Train loss: -0.7154971560093665 Val loss: -0.7188766872610172 Train ndcg_5 0.7756109237670898 Val ndcg_5 0.7841277718544006
2024-10-10 04:31:19,881 - allrank.utils.ltr_logging - INFO - Current:0.7841277718544006 Best:0.7841770648956299
2024-10-10 04:31:19,881 - allrank.utils.ltr_logging - INFO - Current learning rate: 1.0000000000000002e-06
2024-10-10 04:37:40,920 - allrank.utils.ltr_logging - INFO - Epoch : 87 Train loss: -0.7154428202760689 Val loss: -0.7188590863767121 Train ndcg_5 0.7755593657493591 Val ndcg_5 0.7841024994850159
2024-10-10 04:37:40,922 - allrank.utils.ltr_logging - INFO - Current:0.7841024994850159 Best:0.7841770648956299
2024-10-10 04:37:40,922 - allrank.utils.ltr_logging - INFO - Current learning rate: 1.0000000000000002e-06
2024-10-10 04:44:04,960 - allrank.utils.ltr_logging - INFO - Epoch : 88 Train loss: -0.7156566809066062 Val loss: -0.7188165410426098 Train ndcg_5 0.7756673693656921 Val ndcg_5 0.7841157913208008
2024-10-10 04:44:04,962 - allrank.utils.ltr_logging - INFO - Current:0.7841157913208008 Best:0.7841770648956299
2024-10-10 04:44:04,962 - allrank.utils.ltr_logging - INFO - Current learning rate: 1.0000000000000002e-06
2024-10-10 04:50:30,430 - allrank.utils.ltr_logging - INFO - Epoch : 89 Train loss: -0.7156847548520883 Val loss: -0.7188381978542535 Train ndcg_5 0.7757126688957214 Val ndcg_5 0.7841430902481079
2024-10-10 04:50:30,432 - allrank.utils.ltr_logging - INFO - Current:0.7841430902481079 Best:0.7841770648956299
2024-10-10 04:50:30,433 - allrank.utils.ltr_logging - INFO - Current learning rate: 1.0000000000000002e-06
2024-10-10 04:56:54,433 - allrank.utils.ltr_logging - INFO - Epoch : 90 Train loss: -0.7156430739755675 Val loss: -0.71885631204815 Train ndcg_5 0.7754326462745667 Val ndcg_5 0.7841519117355347
2024-10-10 04:56:54,436 - allrank.utils.ltr_logging - INFO - Current:0.7841519117355347 Best:0.7841770648956299
2024-10-10 04:56:54,436 - allrank.utils.ltr_logging - INFO - Current learning rate: 1.0000000000000002e-06
2024-10-10 05:03:16,079 - allrank.utils.ltr_logging - INFO - Epoch : 91 Train loss: -0.7155697097018892 Val loss: -0.7188321783376848 Train ndcg_5 0.7756476402282715 Val ndcg_5 0.7841352820396423
2024-10-10 05:03:16,081 - allrank.utils.ltr_logging - INFO - Current:0.7841352820396423 Best:0.7841770648956299
2024-10-10 05:03:16,081 - allrank.utils.ltr_logging - INFO - Current learning rate: 1.0000000000000002e-06
2024-10-10 05:09:36,915 - allrank.utils.ltr_logging - INFO - Epoch : 92 Train loss: -0.7156924195988044 Val loss: -0.7188487237871873 Train ndcg_5 0.7756065726280212 Val ndcg_5 0.7840849757194519
2024-10-10 05:09:36,918 - allrank.utils.ltr_logging - INFO - Current:0.7840849757194519 Best:0.7841770648956299
2024-10-10 05:09:36,918 - allrank.utils.ltr_logging - INFO - Current learning rate: 1.0000000000000002e-06
2024-10-10 05:15:57,101 - allrank.utils.ltr_logging - INFO - Epoch : 93 Train loss: -0.7155442307343683 Val loss: -0.7188430862215638 Train ndcg_5 0.7756448984146118 Val ndcg_5 0.7840995192527771
2024-10-10 05:15:57,103 - allrank.utils.ltr_logging - INFO - Current:0.7840995192527771 Best:0.7841770648956299
2024-10-10 05:15:57,103 - allrank.utils.ltr_logging - INFO - Current learning rate: 1.0000000000000002e-06
2024-10-10 05:22:21,775 - allrank.utils.ltr_logging - INFO - Epoch : 94 Train loss: -0.715712773913585 Val loss: -0.7188886698216213 Train ndcg_5 0.7752627730369568 Val ndcg_5 0.7840697765350342
2024-10-10 05:22:21,778 - allrank.utils.ltr_logging - INFO - Current:0.7840697765350342 Best:0.7841770648956299
2024-10-10 05:22:21,778 - allrank.utils.ltr_logging - INFO - Current learning rate: 1.0000000000000002e-06
2024-10-10 05:28:47,533 - allrank.utils.ltr_logging - INFO - Epoch : 95 Train loss: -0.7155392097124504 Val loss: -0.718880070187861 Train ndcg_5 0.7753070592880249 Val ndcg_5 0.784103512763977
2024-10-10 05:28:47,536 - allrank.utils.ltr_logging - INFO - Current:0.784103512763977 Best:0.7841770648956299
2024-10-10 05:28:47,536 - allrank.utils.ltr_logging - INFO - Current learning rate: 1.0000000000000002e-06
2024-10-10 05:35:09,623 - allrank.utils.ltr_logging - INFO - Epoch : 96 Train loss: -0.7157121976710031 Val loss: -0.7188298386787453 Train ndcg_5 0.7759854793548584 Val ndcg_5 0.7841024398803711
2024-10-10 05:35:09,625 - allrank.utils.ltr_logging - INFO - Current:0.7841024398803711 Best:0.7841770648956299
2024-10-10 05:35:09,625 - allrank.utils.ltr_logging - INFO - Current learning rate: 1.0000000000000002e-06
2024-10-10 05:41:32,786 - allrank.utils.ltr_logging - INFO - Epoch : 97 Train loss: -0.7155148188571354 Val loss: -0.7188587441686936 Train ndcg_5 0.775925874710083 Val ndcg_5 0.7840830683708191
2024-10-10 05:41:32,789 - allrank.utils.ltr_logging - INFO - Current:0.7840830683708191 Best:0.7841770648956299
2024-10-10 05:41:32,789 - allrank.utils.ltr_logging - INFO - Current learning rate: 1.0000000000000002e-06
2024-10-10 05:47:52,811 - allrank.utils.ltr_logging - INFO - Epoch : 98 Train loss: -0.7158284252026591 Val loss: -0.7188500858365933 Train ndcg_5 0.7756595611572266 Val ndcg_5 0.7841285467147827
2024-10-10 05:47:52,813 - allrank.utils.ltr_logging - INFO - Current:0.7841285467147827 Best:0.7841770648956299
2024-10-10 05:47:52,813 - allrank.utils.ltr_logging - INFO - Current learning rate: 1.0000000000000002e-06
2024-10-10 05:54:12,669 - allrank.utils.ltr_logging - INFO - Epoch : 99 Train loss: -0.715708800889453 Val loss: -0.718856296514281 Train ndcg_5 0.7755377292633057 Val ndcg_5 0.7841525077819824
2024-10-10 05:54:12,671 - allrank.utils.ltr_logging - INFO - Current:0.7841525077819824 Best:0.7841770648956299
2024-10-10 05:54:12,671 - allrank.utils.ltr_logging - INFO - Current learning rate: 1.0000000000000002e-06
2024-10-10 06:00:32,442 - allrank.utils.ltr_logging - INFO - Epoch : 100 Train loss: -0.7156361734854988 Val loss: -0.7188363171120006 Train ndcg_5 0.7755745649337769 Val ndcg_5 0.7841141223907471
2024-10-10 06:00:32,445 - allrank.utils.ltr_logging - INFO - Current:0.7841141223907471 Best:0.7841770648956299
2024-10-10 06:00:32,445 - allrank.utils.ltr_logging - INFO - Current learning rate: 1.0000000000000002e-06
2024-10-10 06:06:56,276 - allrank.utils.ltr_logging - INFO - Epoch : 101 Train loss: -0.7155793218102715 Val loss: -0.7188660809476195 Train ndcg_5 0.7755153179168701 Val ndcg_5 0.7841237187385559
2024-10-10 06:06:56,278 - allrank.utils.ltr_logging - INFO - Current:0.7841237187385559 Best:0.7841770648956299
2024-10-10 06:06:56,278 - allrank.utils.ltr_logging - INFO - Current learning rate: 1.0000000000000002e-06
2024-10-10 06:13:16,987 - allrank.utils.ltr_logging - INFO - Epoch : 102 Train loss: -0.7157002328294134 Val loss: -0.71884993145878 Train ndcg_5 0.7757675051689148 Val ndcg_5 0.7841473817825317
2024-10-10 06:13:16,989 - allrank.utils.ltr_logging - INFO - Current:0.7841473817825317 Best:0.7841770648956299
2024-10-10 06:13:16,989 - allrank.utils.ltr_logging - INFO - Current learning rate: 1.0000000000000002e-06
2024-10-10 06:19:41,913 - allrank.utils.ltr_logging - INFO - Epoch : 103 Train loss: -0.7157964711733342 Val loss: -0.7188251828575489 Train ndcg_5 0.7758585214614868 Val ndcg_5 0.7841589450836182
2024-10-10 06:19:41,916 - allrank.utils.ltr_logging - INFO - Current:0.7841589450836182 Best:0.7841770648956299
2024-10-10 06:19:41,916 - allrank.utils.ltr_logging - INFO - Current learning rate: 1.0000000000000002e-06
2024-10-10 06:26:03,584 - allrank.utils.ltr_logging - INFO - Epoch : 104 Train loss: -0.7156016659235391 Val loss: -0.7188589081630828 Train ndcg_5 0.7758556008338928 Val ndcg_5 0.7841401696205139
2024-10-10 06:26:03,586 - allrank.utils.ltr_logging - INFO - Current:0.7841401696205139 Best:0.7841770648956299
2024-10-10 06:26:03,586 - allrank.utils.ltr_logging - INFO - Current learning rate: 1.0000000000000002e-06
2024-10-10 06:32:27,069 - allrank.utils.ltr_logging - INFO - Epoch : 105 Train loss: -0.715648045940898 Val loss: -0.7188975288495566 Train ndcg_5 0.7757697105407715 Val ndcg_5 0.7841880917549133
2024-10-10 06:32:27,071 - allrank.utils.ltr_logging - INFO - Current:0.7841880917549133 Best:0.7841770648956299
2024-10-10 06:32:27,071 - allrank.utils.ltr_logging - INFO - Current learning rate: 1.0000000000000002e-06
2024-10-10 06:38:51,372 - allrank.utils.ltr_logging - INFO - Epoch : 106 Train loss: -0.7155701651120293 Val loss: -0.7188951184355 Train ndcg_5 0.7758449912071228 Val ndcg_5 0.7841686606407166
2024-10-10 06:38:51,374 - allrank.utils.ltr_logging - INFO - Current:0.7841686606407166 Best:0.7841880917549133
2024-10-10 06:38:51,374 - allrank.utils.ltr_logging - INFO - Current learning rate: 1.0000000000000002e-06
2024-10-10 06:45:15,080 - allrank.utils.ltr_logging - INFO - Epoch : 107 Train loss: -0.7157001661960533 Val loss: -0.718867033778975 Train ndcg_5 0.7759370803833008 Val ndcg_5 0.7841256260871887
2024-10-10 06:45:15,083 - allrank.utils.ltr_logging - INFO - Current:0.7841256260871887 Best:0.7841880917549133
2024-10-10 06:45:15,083 - allrank.utils.ltr_logging - INFO - Current learning rate: 1.0000000000000002e-06
2024-10-10 06:51:39,999 - allrank.utils.ltr_logging - INFO - Epoch : 108 Train loss: -0.7155243187078707 Val loss: -0.7188820620118961 Train ndcg_5 0.7756547331809998 Val ndcg_5 0.7841005921363831
2024-10-10 06:51:40,002 - allrank.utils.ltr_logging - INFO - Current:0.7841005921363831 Best:0.7841880917549133
2024-10-10 06:51:40,002 - allrank.utils.ltr_logging - INFO - Current learning rate: 1.0000000000000002e-06
2024-10-10 06:58:03,481 - allrank.utils.ltr_logging - INFO - Epoch : 109 Train loss: -0.7157295431567947 Val loss: -0.7188950797655212 Train ndcg_5 0.7753318548202515 Val ndcg_5 0.7841063141822815
2024-10-10 06:58:03,483 - allrank.utils.ltr_logging - INFO - Current:0.7841063141822815 Best:0.7841880917549133
2024-10-10 06:58:03,483 - allrank.utils.ltr_logging - INFO - Current learning rate: 1.0000000000000002e-06
2024-10-10 07:04:26,397 - allrank.utils.ltr_logging - INFO - Epoch : 110 Train loss: -0.7156868942443679 Val loss: -0.7188851617691693 Train ndcg_5 0.7760254740715027 Val ndcg_5 0.7841702103614807
2024-10-10 07:04:26,400 - allrank.utils.ltr_logging - INFO - Current:0.7841702103614807 Best:0.7841880917549133
2024-10-10 07:04:26,400 - allrank.utils.ltr_logging - INFO - Current learning rate: 1.0000000000000002e-06
2024-10-10 07:10:50,871 - allrank.utils.ltr_logging - INFO - Epoch : 111 Train loss: -0.7156171503287995 Val loss: -0.7189014452985377 Train ndcg_5 0.7755278944969177 Val ndcg_5 0.7840849161148071
2024-10-10 07:10:50,873 - allrank.utils.ltr_logging - INFO - Current:0.7840849161148071 Best:0.7841880917549133
2024-10-10 07:10:50,873 - allrank.utils.ltr_logging - INFO - Current learning rate: 1.0000000000000002e-06
2024-10-10 07:17:12,771 - allrank.utils.ltr_logging - INFO - Epoch : 112 Train loss: -0.7157385369784334 Val loss: -0.718867258082588 Train ndcg_5 0.775571346282959 Val ndcg_5 0.7841345071792603
2024-10-10 07:17:12,774 - allrank.utils.ltr_logging - INFO - Current:0.7841345071792603 Best:0.7841880917549133
2024-10-10 07:17:12,774 - allrank.utils.ltr_logging - INFO - Current learning rate: 1.0000000000000002e-06
2024-10-10 07:23:33,812 - allrank.utils.ltr_logging - INFO - Epoch : 113 Train loss: -0.7154783285971282 Val loss: -0.7188587877678009 Train ndcg_5 0.7754896283149719 Val ndcg_5 0.7841185331344604
2024-10-10 07:23:33,813 - allrank.utils.ltr_logging - INFO - Current:0.7841185331344604 Best:0.7841880917549133
2024-10-10 07:23:33,813 - allrank.utils.ltr_logging - INFO - Current learning rate: 1.0000000000000002e-06
2024-10-10 07:29:56,321 - allrank.utils.ltr_logging - INFO - Epoch : 114 Train loss: -0.7156192309958442 Val loss: -0.7188922741850364 Train ndcg_5 0.7757718563079834 Val ndcg_5 0.7841170430183411
2024-10-10 07:29:56,323 - allrank.utils.ltr_logging - INFO - Current:0.7841170430183411 Best:0.7841880917549133
2024-10-10 07:29:56,323 - allrank.utils.ltr_logging - INFO - Current learning rate: 1.0000000000000002e-06
2024-10-10 07:36:17,903 - allrank.utils.ltr_logging - INFO - Epoch : 115 Train loss: -0.7155661396405851 Val loss: -0.7188745374670834 Train ndcg_5 0.7755399942398071 Val ndcg_5 0.7841382026672363
2024-10-10 07:36:17,905 - allrank.utils.ltr_logging - INFO - Current:0.7841382026672363 Best:0.7841880917549133
2024-10-10 07:36:17,905 - allrank.utils.ltr_logging - INFO - Current learning rate: 1.0000000000000002e-06
2024-10-10 07:42:43,531 - allrank.utils.ltr_logging - INFO - Epoch : 116 Train loss: -0.7156338340188126 Val loss: -0.7188731262014294 Train ndcg_5 0.7758827805519104 Val ndcg_5 0.7841190099716187
2024-10-10 07:42:43,534 - allrank.utils.ltr_logging - INFO - Current:0.7841190099716187 Best:0.7841880917549133
2024-10-10 07:42:43,534 - allrank.utils.ltr_logging - INFO - Current learning rate: 1.0000000000000002e-06
2024-10-10 07:49:04,865 - allrank.utils.ltr_logging - INFO - Epoch : 117 Train loss: -0.7157388286554145 Val loss: -0.7188769781039683 Train ndcg_5 0.7755959033966064 Val ndcg_5 0.7841212749481201
2024-10-10 07:49:04,867 - allrank.utils.ltr_logging - INFO - Current:0.7841212749481201 Best:0.7841880917549133
2024-10-10 07:49:04,867 - allrank.utils.ltr_logging - INFO - Current learning rate: 1.0000000000000002e-06
2024-10-10 07:55:28,101 - allrank.utils.ltr_logging - INFO - Epoch : 118 Train loss: -0.7155618261914196 Val loss: -0.7188961833855283 Train ndcg_5 0.7756009101867676 Val ndcg_5 0.7841514348983765
2024-10-10 07:55:28,103 - allrank.utils.ltr_logging - INFO - Current:0.7841514348983765 Best:0.7841880917549133
2024-10-10 07:55:28,103 - allrank.utils.ltr_logging - INFO - Current learning rate: 1.0000000000000002e-06
2024-10-10 08:01:51,279 - allrank.utils.ltr_logging - INFO - Epoch : 119 Train loss: -0.7155825607555966 Val loss: -0.718866742799591 Train ndcg_5 0.7758451104164124 Val ndcg_5 0.7841365337371826
2024-10-10 08:01:51,282 - allrank.utils.ltr_logging - INFO - Current:0.7841365337371826 Best:0.7841880917549133
2024-10-10 08:01:51,282 - allrank.utils.ltr_logging - INFO - Current learning rate: 1.0000000000000002e-06
2024-10-10 08:08:15,743 - allrank.utils.ltr_logging - INFO - Epoch : 120 Train loss: -0.7155874367884071 Val loss: -0.718921262753898 Train ndcg_5 0.7755090594291687 Val ndcg_5 0.7841243147850037
2024-10-10 08:08:15,745 - allrank.utils.ltr_logging - INFO - Current:0.7841243147850037 Best:0.7841880917549133
2024-10-10 08:08:15,745 - allrank.utils.ltr_logging - INFO - Current learning rate: 1.0000000000000002e-06
2024-10-10 08:14:36,273 - allrank.utils.ltr_logging - INFO - Epoch : 121 Train loss: -0.715816885110022 Val loss: -0.7188740836637101 Train ndcg_5 0.7755968570709229 Val ndcg_5 0.7841304540634155
2024-10-10 08:14:36,275 - allrank.utils.ltr_logging - INFO - Current:0.7841304540634155 Best:0.7841880917549133
2024-10-10 08:14:36,275 - allrank.utils.ltr_logging - INFO - Current learning rate: 1.0000000000000002e-06
2024-10-10 08:21:00,626 - allrank.utils.ltr_logging - INFO - Epoch : 122 Train loss: -0.7157459963825493 Val loss: -0.7189124375340548 Train ndcg_5 0.7757682800292969 Val ndcg_5 0.7841390371322632
2024-10-10 08:21:00,629 - allrank.utils.ltr_logging - INFO - Current:0.7841390371322632 Best:0.7841880917549133
2024-10-10 08:21:00,629 - allrank.utils.ltr_logging - INFO - Current learning rate: 1.0000000000000002e-06
2024-10-10 08:27:23,281 - allrank.utils.ltr_logging - INFO - Epoch : 123 Train loss: -0.7158486067968903 Val loss: -0.7188692765821939 Train ndcg_5 0.7753524780273438 Val ndcg_5 0.7841468453407288
2024-10-10 08:27:23,283 - allrank.utils.ltr_logging - INFO - Current:0.7841468453407288 Best:0.7841880917549133
2024-10-10 08:27:23,283 - allrank.utils.ltr_logging - INFO - Current learning rate: 1.0000000000000002e-06
2024-10-10 08:33:45,956 - allrank.utils.ltr_logging - INFO - Epoch : 124 Train loss: -0.7155956136320758 Val loss: -0.7188961611839846 Train ndcg_5 0.7757471203804016 Val ndcg_5 0.7841567993164062
2024-10-10 08:33:45,958 - allrank.utils.ltr_logging - INFO - Current:0.7841567993164062 Best:0.7841880917549133
2024-10-10 08:33:45,959 - allrank.utils.ltr_logging - INFO - Current learning rate: 1.0000000000000002e-06
2024-10-10 08:40:09,205 - allrank.utils.ltr_logging - INFO - Epoch : 125 Train loss: -0.715627770037542 Val loss: -0.7188745091738071 Train ndcg_5 0.775738537311554 Val ndcg_5 0.7841296195983887
2024-10-10 08:40:09,208 - allrank.utils.ltr_logging - INFO - Current:0.7841296195983887 Best:0.7841880917549133
2024-10-10 08:40:09,208 - allrank.utils.ltr_logging - INFO - Current learning rate: 1.0000000000000002e-06
2024-10-10 08:46:31,480 - allrank.utils.ltr_logging - INFO - Epoch : 126 Train loss: -0.7156591750935322 Val loss: -0.7188811517710184 Train ndcg_5 0.7755510807037354 Val ndcg_5 0.7841267585754395
2024-10-10 08:46:31,482 - allrank.utils.ltr_logging - INFO - Current:0.7841267585754395 Best:0.7841880917549133
2024-10-10 08:46:31,482 - allrank.utils.ltr_logging - INFO - Current learning rate: 1.0000000000000002e-06
2024-10-10 08:52:53,115 - allrank.utils.ltr_logging - INFO - Epoch : 127 Train loss: -0.7156842232033981 Val loss: -0.7188999447160598 Train ndcg_5 0.7755754590034485 Val ndcg_5 0.7841053009033203
2024-10-10 08:52:53,118 - allrank.utils.ltr_logging - INFO - Current:0.7841053009033203 Best:0.7841880917549133
2024-10-10 08:52:53,118 - allrank.utils.ltr_logging - INFO - Current learning rate: 1.0000000000000002e-06
2024-10-10 08:59:17,409 - allrank.utils.ltr_logging - INFO - Epoch : 128 Train loss: -0.7156498330364738 Val loss: -0.7188849781878769 Train ndcg_5 0.7755197286605835 Val ndcg_5 0.7841470837593079
2024-10-10 08:59:17,411 - allrank.utils.ltr_logging - INFO - Current:0.7841470837593079 Best:0.7841880917549133
2024-10-10 08:59:17,411 - allrank.utils.ltr_logging - INFO - Current learning rate: 1.0000000000000002e-06
2024-10-10 09:05:40,624 - allrank.utils.ltr_logging - INFO - Epoch : 129 Train loss: -0.7158139025437119 Val loss: -0.7188600665706759 Train ndcg_5 0.7756127715110779 Val ndcg_5 0.7841507792472839
2024-10-10 09:05:40,627 - allrank.utils.ltr_logging - INFO - Current:0.7841507792472839 Best:0.7841880917549133
2024-10-10 09:05:40,627 - allrank.utils.ltr_logging - INFO - Current learning rate: 1.0000000000000002e-06
2024-10-10 09:12:03,699 - allrank.utils.ltr_logging - INFO - Epoch : 130 Train loss: -0.7157091816076087 Val loss: -0.718875331044121 Train ndcg_5 0.7758291959762573 Val ndcg_5 0.7841311097145081
2024-10-10 09:12:03,701 - allrank.utils.ltr_logging - INFO - Current:0.7841311097145081 Best:0.7841880917549133
2024-10-10 09:12:03,701 - allrank.utils.ltr_logging - INFO - Current learning rate: 1.0000000000000002e-06
2024-10-10 09:18:28,391 - allrank.utils.ltr_logging - INFO - Epoch : 131 Train loss: -0.7157232758730482 Val loss: -0.7188643599391489 Train ndcg_5 0.7755057215690613 Val ndcg_5 0.784146249294281
2024-10-10 09:18:28,393 - allrank.utils.ltr_logging - INFO - Current:0.784146249294281 Best:0.7841880917549133
2024-10-10 09:18:28,393 - allrank.utils.ltr_logging - INFO - Current learning rate: 1.0000000000000002e-06
2024-10-10 09:24:49,983 - allrank.utils.ltr_logging - INFO - Epoch : 132 Train loss: -0.7157609140847718 Val loss: -0.7188883672376378 Train ndcg_5 0.775935173034668 Val ndcg_5 0.7841493487358093
2024-10-10 09:24:49,985 - allrank.utils.ltr_logging - INFO - Current:0.7841493487358093 Best:0.7841880917549133
2024-10-10 09:24:49,985 - allrank.utils.ltr_logging - INFO - Current learning rate: 1.0000000000000002e-06
2024-10-10 09:31:11,981 - allrank.utils.ltr_logging - INFO - Epoch : 133 Train loss: -0.7156726313135848 Val loss: -0.7188775472711703 Train ndcg_5 0.7756303548812866 Val ndcg_5 0.7841756343841553
2024-10-10 09:31:11,984 - allrank.utils.ltr_logging - INFO - Current:0.7841756343841553 Best:0.7841880917549133
2024-10-10 09:31:11,984 - allrank.utils.ltr_logging - INFO - Current learning rate: 1.0000000000000002e-06
2024-10-10 09:37:36,935 - allrank.utils.ltr_logging - INFO - Epoch : 134 Train loss: -0.7156428055843517 Val loss: -0.7188831644546814 Train ndcg_5 0.7755022644996643 Val ndcg_5 0.7841736078262329
2024-10-10 09:37:36,937 - allrank.utils.ltr_logging - INFO - Current:0.7841736078262329 Best:0.7841880917549133
2024-10-10 09:37:36,937 - allrank.utils.ltr_logging - INFO - Current learning rate: 1.0000000000000002e-06
2024-10-10 09:44:01,153 - allrank.utils.ltr_logging - INFO - Epoch : 135 Train loss: -0.7158354007231528 Val loss: -0.7188827633651128 Train ndcg_5 0.7754301428794861 Val ndcg_5 0.7841949462890625
2024-10-10 09:44:01,156 - allrank.utils.ltr_logging - INFO - Current:0.7841949462890625 Best:0.7841880917549133
2024-10-10 09:44:01,156 - allrank.utils.ltr_logging - INFO - Current learning rate: 1.0000000000000002e-06
2024-10-10 09:50:25,254 - allrank.utils.ltr_logging - INFO - Epoch : 136 Train loss: -0.7156471817342104 Val loss: -0.7188968743893291 Train ndcg_5 0.7761096954345703 Val ndcg_5 0.784164547920227
2024-10-10 09:50:25,256 - allrank.utils.ltr_logging - INFO - Current:0.784164547920227 Best:0.7841949462890625
2024-10-10 09:50:25,257 - allrank.utils.ltr_logging - INFO - Current learning rate: 1.0000000000000002e-06
2024-10-10 09:56:47,413 - allrank.utils.ltr_logging - INFO - Epoch : 137 Train loss: -0.7157118904019392 Val loss: -0.7189213675383236 Train ndcg_5 0.7759019136428833 Val ndcg_5 0.7841843366622925
2024-10-10 09:56:47,416 - allrank.utils.ltr_logging - INFO - Current:0.7841843366622925 Best:0.7841949462890625
2024-10-10 09:56:47,416 - allrank.utils.ltr_logging - INFO - Current learning rate: 1.0000000000000002e-06
2024-10-10 10:03:08,656 - allrank.utils.ltr_logging - INFO - Epoch : 138 Train loss: -0.7156602632195965 Val loss: -0.7189059542057792 Train ndcg_5 0.7756271958351135 Val ndcg_5 0.7841863632202148
2024-10-10 10:03:08,659 - allrank.utils.ltr_logging - INFO - Current:0.7841863632202148 Best:0.7841949462890625
2024-10-10 10:03:08,659 - allrank.utils.ltr_logging - INFO - Current learning rate: 1.0000000000000002e-06
2024-10-10 10:09:33,101 - allrank.utils.ltr_logging - INFO - Epoch : 139 Train loss: -0.7155918958099546 Val loss: -0.7188831869807406 Train ndcg_5 0.7758321762084961 Val ndcg_5 0.7842353582382202
2024-10-10 10:09:33,103 - allrank.utils.ltr_logging - INFO - Current:0.7842353582382202 Best:0.7841949462890625
2024-10-10 10:09:33,103 - allrank.utils.ltr_logging - INFO - Current learning rate: 1.0000000000000002e-06
2024-10-10 10:15:54,782 - allrank.utils.ltr_logging - INFO - Epoch : 140 Train loss: -0.7157120468014947 Val loss: -0.7189039602699565 Train ndcg_5 0.7755314111709595 Val ndcg_5 0.7842177748680115
2024-10-10 10:15:54,784 - allrank.utils.ltr_logging - INFO - Current:0.7842177748680115 Best:0.7842353582382202
2024-10-10 10:15:54,784 - allrank.utils.ltr_logging - INFO - Current learning rate: 1.0000000000000002e-06
2024-10-10 10:22:16,229 - allrank.utils.ltr_logging - INFO - Epoch : 141 Train loss: -0.7156036611336678 Val loss: -0.7188539373249606 Train ndcg_5 0.7755529284477234 Val ndcg_5 0.7841787338256836
2024-10-10 10:22:16,232 - allrank.utils.ltr_logging - INFO - Current:0.7841787338256836 Best:0.7842353582382202
2024-10-10 10:22:16,232 - allrank.utils.ltr_logging - INFO - Current learning rate: 1.0000000000000002e-06
2024-10-10 10:28:38,189 - allrank.utils.ltr_logging - INFO - Epoch : 142 Train loss: -0.7157514077640394 Val loss: -0.718880486780114 Train ndcg_5 0.7759953737258911 Val ndcg_5 0.7841843962669373
2024-10-10 10:28:38,191 - allrank.utils.ltr_logging - INFO - Current:0.7841843962669373 Best:0.7842353582382202
2024-10-10 10:28:38,192 - allrank.utils.ltr_logging - INFO - Current learning rate: 1.0000000000000002e-06
2024-10-10 10:35:02,719 - allrank.utils.ltr_logging - INFO - Epoch : 143 Train loss: -0.7158854519181622 Val loss: -0.7188987241008756 Train ndcg_5 0.7757480144500732 Val ndcg_5 0.7842139005661011
2024-10-10 10:35:02,720 - allrank.utils.ltr_logging - INFO - Current:0.7842139005661011 Best:0.7842353582382202
2024-10-10 10:35:02,720 - allrank.utils.ltr_logging - INFO - Current learning rate: 1.0000000000000002e-06
2024-10-10 10:41:27,972 - allrank.utils.ltr_logging - INFO - Epoch : 144 Train loss: -0.7156692820007242 Val loss: -0.7188780833436297 Train ndcg_5 0.7759001851081848 Val ndcg_5 0.7841957211494446
2024-10-10 10:41:27,974 - allrank.utils.ltr_logging - INFO - Current:0.7841957211494446 Best:0.7842353582382202
2024-10-10 10:41:27,974 - allrank.utils.ltr_logging - INFO - Current learning rate: 1.0000000000000002e-06
2024-10-10 10:47:48,089 - allrank.utils.ltr_logging - INFO - Epoch : 145 Train loss: -0.715723129551575 Val loss: -0.7188666404680354 Train ndcg_5 0.7756052613258362 Val ndcg_5 0.7842220067977905
2024-10-10 10:47:48,091 - allrank.utils.ltr_logging - INFO - Current:0.7842220067977905 Best:0.7842353582382202
2024-10-10 10:47:48,091 - allrank.utils.ltr_logging - INFO - Current learning rate: 1.0000000000000002e-06
2024-10-10 10:54:13,771 - allrank.utils.ltr_logging - INFO - Epoch : 146 Train loss: -0.7157587915140957 Val loss: -0.718877316565927 Train ndcg_5 0.7758820056915283 Val ndcg_5 0.7841790318489075
2024-10-10 10:54:13,773 - allrank.utils.ltr_logging - INFO - Current:0.7841790318489075 Best:0.7842353582382202
2024-10-10 10:54:13,773 - allrank.utils.ltr_logging - INFO - Current learning rate: 1.0000000000000002e-06
2024-10-10 11:00:35,646 - allrank.utils.ltr_logging - INFO - Epoch : 147 Train loss: -0.7157377855749819 Val loss: -0.7189182675062354 Train ndcg_5 0.7755128145217896 Val ndcg_5 0.7841693162918091
2024-10-10 11:00:35,648 - allrank.utils.ltr_logging - INFO - Current:0.7841693162918091 Best:0.7842353582382202
2024-10-10 11:00:35,649 - allrank.utils.ltr_logging - INFO - Current learning rate: 1.0000000000000002e-06
2024-10-10 11:07:00,124 - allrank.utils.ltr_logging - INFO - Epoch : 148 Train loss: -0.7156348786817942 Val loss: -0.7189089801654798 Train ndcg_5 0.7755979895591736 Val ndcg_5 0.784182071685791
2024-10-10 11:07:00,127 - allrank.utils.ltr_logging - INFO - Current:0.784182071685791 Best:0.7842353582382202
2024-10-10 11:07:00,127 - allrank.utils.ltr_logging - INFO - Current learning rate: 1.0000000000000002e-06
2024-10-10 11:13:22,872 - allrank.utils.ltr_logging - INFO - Epoch : 149 Train loss: -0.7157020597880099 Val loss: -0.7189156180616003 Train ndcg_5 0.7755194902420044 Val ndcg_5 0.784191370010376
2024-10-10 11:13:22,874 - allrank.utils.ltr_logging - INFO - Current:0.784191370010376 Best:0.7842353582382202
2024-10-10 11:13:22,874 - allrank.utils.ltr_logging - INFO - Current learning rate: 1.0000000000000002e-06
2024-10-10 11:19:43,625 - allrank.utils.ltr_logging - INFO - Epoch : 150 Train loss: -0.7156969822190807 Val loss: -0.7188788080531978 Train ndcg_5 0.7756071090698242 Val ndcg_5 0.7842017412185669
2024-10-10 11:19:43,627 - allrank.utils.ltr_logging - INFO - Current:0.7842017412185669 Best:0.7842353582382202
2024-10-10 11:19:43,628 - allrank.utils.ltr_logging - INFO - Current learning rate: 1.0000000000000002e-06
2024-10-10 11:26:05,647 - allrank.utils.ltr_logging - INFO - Epoch : 151 Train loss: -0.7158191145113861 Val loss: -0.7188493366431525 Train ndcg_5 0.7757435441017151 Val ndcg_5 0.7841410636901855
2024-10-10 11:26:05,650 - allrank.utils.ltr_logging - INFO - Current:0.7841410636901855 Best:0.7842353582382202
2024-10-10 11:26:05,650 - allrank.utils.ltr_logging - INFO - Current learning rate: 1.0000000000000002e-06
2024-10-10 11:32:30,182 - allrank.utils.ltr_logging - INFO - Epoch : 152 Train loss: -0.715694207171406 Val loss: -0.7189023479849265 Train ndcg_5 0.7758458256721497 Val ndcg_5 0.7841679453849792
2024-10-10 11:32:30,185 - allrank.utils.ltr_logging - INFO - Current:0.7841679453849792 Best:0.7842353582382202
2024-10-10 11:32:30,185 - allrank.utils.ltr_logging - INFO - Current learning rate: 1.0000000000000002e-06
2024-10-10 11:38:56,303 - allrank.utils.ltr_logging - INFO - Epoch : 153 Train loss: -0.7156319502863622 Val loss: -0.7189052166637148 Train ndcg_5 0.7756425142288208 Val ndcg_5 0.7841528058052063
2024-10-10 11:38:56,305 - allrank.utils.ltr_logging - INFO - Current:0.7841528058052063 Best:0.7842353582382202
2024-10-10 11:38:56,306 - allrank.utils.ltr_logging - INFO - Current learning rate: 1.0000000000000002e-06
2024-10-10 11:45:20,531 - allrank.utils.ltr_logging - INFO - Epoch : 154 Train loss: -0.7157192341647339 Val loss: -0.7189016794282487 Train ndcg_5 0.775209903717041 Val ndcg_5 0.7841864824295044
2024-10-10 11:45:20,534 - allrank.utils.ltr_logging - INFO - Current:0.7841864824295044 Best:0.7842353582382202
2024-10-10 11:45:20,534 - allrank.utils.ltr_logging - INFO - Current learning rate: 1.0000000000000002e-06
2024-10-10 11:51:44,871 - allrank.utils.ltr_logging - INFO - Epoch : 155 Train loss: -0.7156902702918274 Val loss: -0.7188724745068933 Train ndcg_5 0.775873601436615 Val ndcg_5 0.7841730117797852
2024-10-10 11:51:44,874 - allrank.utils.ltr_logging - INFO - Current:0.7841730117797852 Best:0.7842353582382202
2024-10-10 11:51:44,874 - allrank.utils.ltr_logging - INFO - Current learning rate: 1.0000000000000002e-06
2024-10-10 11:58:07,373 - allrank.utils.ltr_logging - INFO - Epoch : 156 Train loss: -0.7156788479530891 Val loss: -0.7188856877991869 Train ndcg_5 0.7757737636566162 Val ndcg_5 0.7841781377792358
2024-10-10 11:58:07,376 - allrank.utils.ltr_logging - INFO - Current:0.7841781377792358 Best:0.7842353582382202
2024-10-10 11:58:07,376 - allrank.utils.ltr_logging - INFO - Current learning rate: 1.0000000000000002e-06
2024-10-10 12:04:28,737 - allrank.utils.ltr_logging - INFO - Epoch : 157 Train loss: -0.7157399512661671 Val loss: -0.718913061362155 Train ndcg_5 0.7757229208946228 Val ndcg_5 0.7841952443122864
2024-10-10 12:04:28,740 - allrank.utils.ltr_logging - INFO - Current:0.7841952443122864 Best:0.7842353582382202
2024-10-10 12:04:28,740 - allrank.utils.ltr_logging - INFO - Current learning rate: 1.0000000000000002e-06
2024-10-10 12:10:51,931 - allrank.utils.ltr_logging - INFO - Epoch : 158 Train loss: -0.715611337845174 Val loss: -0.7189268909689899 Train ndcg_5 0.775796115398407 Val ndcg_5 0.7842144966125488
2024-10-10 12:10:51,933 - allrank.utils.ltr_logging - INFO - Current:0.7842144966125488 Best:0.7842353582382202
2024-10-10 12:10:51,933 - allrank.utils.ltr_logging - INFO - Current learning rate: 1.0000000000000002e-06
2024-10-10 12:17:11,590 - allrank.utils.ltr_logging - INFO - Epoch : 159 Train loss: -0.7156789610653467 Val loss: -0.7189095512563867 Train ndcg_5 0.7758450508117676 Val ndcg_5 0.7841627597808838
2024-10-10 12:17:11,592 - allrank.utils.ltr_logging - INFO - Current:0.7841627597808838 Best:0.7842353582382202
2024-10-10 12:17:11,593 - allrank.utils.ltr_logging - INFO - Current learning rate: 1.0000000000000002e-06
2024-10-10 12:23:33,435 - allrank.utils.ltr_logging - INFO - Epoch : 160 Train loss: -0.7156417146394101 Val loss: -0.7188478083803723 Train ndcg_5 0.7756823897361755 Val ndcg_5 0.7841545939445496
2024-10-10 12:23:33,438 - allrank.utils.ltr_logging - INFO - Current:0.7841545939445496 Best:0.7842353582382202
2024-10-10 12:23:33,438 - allrank.utils.ltr_logging - INFO - Current learning rate: 1.0000000000000002e-06
2024-10-10 12:29:58,446 - allrank.utils.ltr_logging - INFO - Epoch : 161 Train loss: -0.7157807654757432 Val loss: -0.7188914880591885 Train ndcg_5 0.7759122252464294 Val ndcg_5 0.7842027544975281
2024-10-10 12:29:58,449 - allrank.utils.ltr_logging - INFO - Current:0.7842027544975281 Best:0.7842353582382202
2024-10-10 12:29:58,449 - allrank.utils.ltr_logging - INFO - Current learning rate: 1.0000000000000002e-06
2024-10-10 12:36:23,248 - allrank.utils.ltr_logging - INFO - Epoch : 162 Train loss: -0.7157902051845111 Val loss: -0.718881416939232 Train ndcg_5 0.775482714176178 Val ndcg_5 0.7842009663581848
2024-10-10 12:36:23,251 - allrank.utils.ltr_logging - INFO - Current:0.7842009663581848 Best:0.7842353582382202
2024-10-10 12:36:23,251 - allrank.utils.ltr_logging - INFO - Current learning rate: 1.0000000000000002e-06
2024-10-10 12:42:44,194 - allrank.utils.ltr_logging - INFO - Epoch : 163 Train loss: -0.7157624216631486 Val loss: -0.7188910297847115 Train ndcg_5 0.775769829750061 Val ndcg_5 0.7841776609420776
2024-10-10 12:42:44,196 - allrank.utils.ltr_logging - INFO - Current:0.7841776609420776 Best:0.7842353582382202
2024-10-10 12:42:44,196 - allrank.utils.ltr_logging - INFO - Current learning rate: 1.0000000000000002e-06
2024-10-10 12:49:05,849 - allrank.utils.ltr_logging - INFO - Epoch : 164 Train loss: -0.7156364425227174 Val loss: -0.7188959969303726 Train ndcg_5 0.7760015726089478 Val ndcg_5 0.7842171788215637
2024-10-10 12:49:05,852 - allrank.utils.ltr_logging - INFO - Current:0.7842171788215637 Best:0.7842353582382202
2024-10-10 12:49:05,852 - allrank.utils.ltr_logging - INFO - Current learning rate: 1.0000000000000002e-06
2024-10-10 12:55:27,979 - allrank.utils.ltr_logging - INFO - Epoch : 165 Train loss: -0.7158885244403109 Val loss: -0.7188901593257413 Train ndcg_5 0.7756372690200806 Val ndcg_5 0.7842016220092773
2024-10-10 12:55:27,981 - allrank.utils.ltr_logging - INFO - Current:0.7842016220092773 Best:0.7842353582382202
2024-10-10 12:55:27,981 - allrank.utils.ltr_logging - INFO - Current learning rate: 1.0000000000000002e-06
2024-10-10 13:01:51,068 - allrank.utils.ltr_logging - INFO - Epoch : 166 Train loss: -0.715798051391658 Val loss: -0.7188980040894745 Train ndcg_5 0.7757768034934998 Val ndcg_5 0.7842051386833191
2024-10-10 13:01:51,070 - allrank.utils.ltr_logging - INFO - Current:0.7842051386833191 Best:0.7842353582382202
2024-10-10 13:01:51,071 - allrank.utils.ltr_logging - INFO - Current learning rate: 1.0000000000000002e-06
2024-10-10 13:08:11,819 - allrank.utils.ltr_logging - INFO - Epoch : 167 Train loss: -0.715742911248392 Val loss: -0.7189089091560125 Train ndcg_5 0.7759562730789185 Val ndcg_5 0.7842426300048828
2024-10-10 13:08:11,822 - allrank.utils.ltr_logging - INFO - Current:0.7842426300048828 Best:0.7842353582382202
2024-10-10 13:08:11,822 - allrank.utils.ltr_logging - INFO - Current learning rate: 1.0000000000000002e-06
2024-10-10 13:14:33,008 - allrank.utils.ltr_logging - INFO - Epoch : 168 Train loss: -0.7158926912597113 Val loss: -0.7189157657727137 Train ndcg_5 0.7759921550750732 Val ndcg_5 0.7842215299606323
2024-10-10 13:14:33,011 - allrank.utils.ltr_logging - INFO - Current:0.7842215299606323 Best:0.7842426300048828
2024-10-10 13:14:33,011 - allrank.utils.ltr_logging - INFO - Current learning rate: 1.0000000000000002e-06
2024-10-10 13:20:54,094 - allrank.utils.ltr_logging - INFO - Epoch : 169 Train loss: -0.7157412522118831 Val loss: -0.7189332056154288 Train ndcg_5 0.7758236527442932 Val ndcg_5 0.7842124700546265
2024-10-10 13:20:54,096 - allrank.utils.ltr_logging - INFO - Current:0.7842124700546265 Best:0.7842426300048828
2024-10-10 13:20:54,096 - allrank.utils.ltr_logging - INFO - Current learning rate: 1.0000000000000002e-06
2024-10-10 13:27:16,575 - allrank.utils.ltr_logging - INFO - Epoch : 170 Train loss: -0.7155706063290708 Val loss: -0.718937696556396 Train ndcg_5 0.7758107781410217 Val ndcg_5 0.784233570098877
2024-10-10 13:27:16,577 - allrank.utils.ltr_logging - INFO - Current:0.784233570098877 Best:0.7842426300048828
2024-10-10 13:27:16,577 - allrank.utils.ltr_logging - INFO - Current learning rate: 1.0000000000000002e-06
2024-10-10 13:33:39,702 - allrank.utils.ltr_logging - INFO - Epoch : 171 Train loss: -0.7156656858182444 Val loss: -0.71891578420286 Train ndcg_5 0.7757347822189331 Val ndcg_5 0.7842051982879639
2024-10-10 13:33:39,704 - allrank.utils.ltr_logging - INFO - Current:0.7842051982879639 Best:0.7842426300048828
2024-10-10 13:33:39,705 - allrank.utils.ltr_logging - INFO - Current learning rate: 1.0000000000000002e-06
2024-10-10 13:40:03,042 - allrank.utils.ltr_logging - INFO - Epoch : 172 Train loss: -0.7158605593571316 Val loss: -0.7189252912815964 Train ndcg_5 0.7759321331977844 Val ndcg_5 0.7842026948928833
2024-10-10 13:40:03,044 - allrank.utils.ltr_logging - INFO - Current:0.7842026948928833 Best:0.7842426300048828
2024-10-10 13:40:03,045 - allrank.utils.ltr_logging - INFO - Current learning rate: 1.0000000000000002e-06
2024-10-10 13:46:26,150 - allrank.utils.ltr_logging - INFO - Epoch : 173 Train loss: -0.7158176637195062 Val loss: -0.7189023539957736 Train ndcg_5 0.7761428356170654 Val ndcg_5 0.7842094898223877
2024-10-10 13:46:26,153 - allrank.utils.ltr_logging - INFO - Current:0.7842094898223877 Best:0.7842426300048828
2024-10-10 13:46:26,153 - allrank.utils.ltr_logging - INFO - Current learning rate: 1.0000000000000002e-06
2024-10-10 13:52:49,429 - allrank.utils.ltr_logging - INFO - Epoch : 174 Train loss: -0.7155294184524228 Val loss: -0.7189166329485216 Train ndcg_5 0.775719940662384 Val ndcg_5 0.784174919128418
2024-10-10 13:52:49,432 - allrank.utils.ltr_logging - INFO - Current:0.784174919128418 Best:0.7842426300048828
2024-10-10 13:52:49,432 - allrank.utils.ltr_logging - INFO - Current learning rate: 1.0000000000000002e-06
2024-10-10 13:59:10,178 - allrank.utils.ltr_logging - INFO - Epoch : 175 Train loss: -0.7157077272334154 Val loss: -0.7189101833250389 Train ndcg_5 0.7759607434272766 Val ndcg_5 0.7841885685920715
2024-10-10 13:59:10,180 - allrank.utils.ltr_logging - INFO - Current:0.7841885685920715 Best:0.7842426300048828
2024-10-10 13:59:10,180 - allrank.utils.ltr_logging - INFO - Current learning rate: 1.0000000000000002e-06
2024-10-10 14:05:31,375 - allrank.utils.ltr_logging - INFO - Epoch : 176 Train loss: -0.7157465266816114 Val loss: -0.7189292442566094 Train ndcg_5 0.7754929661750793 Val ndcg_5 0.7842578291893005
2024-10-10 14:05:31,377 - allrank.utils.ltr_logging - INFO - Current:0.7842578291893005 Best:0.7842426300048828
2024-10-10 14:05:31,377 - allrank.utils.ltr_logging - INFO - Current learning rate: 1.0000000000000002e-06
2024-10-10 14:11:53,475 - allrank.utils.ltr_logging - INFO - Epoch : 177 Train loss: -0.715802496778582 Val loss: -0.7189216317183726 Train ndcg_5 0.7759593725204468 Val ndcg_5 0.7842761874198914
2024-10-10 14:11:53,478 - allrank.utils.ltr_logging - INFO - Current:0.7842761874198914 Best:0.7842578291893005
2024-10-10 14:11:53,478 - allrank.utils.ltr_logging - INFO - Current learning rate: 1.0000000000000002e-06
2024-10-10 14:18:16,614 - allrank.utils.ltr_logging - INFO - Epoch : 178 Train loss: -0.7158105796211747 Val loss: -0.7189442674161727 Train ndcg_5 0.7760344743728638 Val ndcg_5 0.7842716574668884
2024-10-10 14:18:16,617 - allrank.utils.ltr_logging - INFO - Current:0.7842716574668884 Best:0.7842761874198914
2024-10-10 14:18:16,617 - allrank.utils.ltr_logging - INFO - Current learning rate: 1.0000000000000002e-06
2024-10-10 14:24:39,636 - allrank.utils.ltr_logging - INFO - Epoch : 179 Train loss: -0.715695881130654 Val loss: -0.7189263564966945 Train ndcg_5 0.7756198048591614 Val ndcg_5 0.7842517495155334
2024-10-10 14:24:39,639 - allrank.utils.ltr_logging - INFO - Current:0.7842517495155334 Best:0.7842761874198914
2024-10-10 14:24:39,639 - allrank.utils.ltr_logging - INFO - Current learning rate: 1.0000000000000002e-06
2024-10-10 14:31:04,404 - allrank.utils.ltr_logging - INFO - Epoch : 180 Train loss: -0.7157099733044252 Val loss: -0.7189284104104036 Train ndcg_5 0.775677502155304 Val ndcg_5 0.7842643857002258
2024-10-10 14:31:04,406 - allrank.utils.ltr_logging - INFO - Current:0.7842643857002258 Best:0.7842761874198914
2024-10-10 14:31:04,406 - allrank.utils.ltr_logging - INFO - Current learning rate: 1.0000000000000002e-06
2024-10-10 14:37:27,702 - allrank.utils.ltr_logging - INFO - Epoch : 181 Train loss: -0.7156077621806399 Val loss: -0.7189509904152872 Train ndcg_5 0.7757945656776428 Val ndcg_5 0.7842692136764526
2024-10-10 14:37:27,704 - allrank.utils.ltr_logging - INFO - Current:0.7842692136764526 Best:0.7842761874198914
2024-10-10 14:37:27,704 - allrank.utils.ltr_logging - INFO - Current learning rate: 1.0000000000000002e-06
2024-10-10 14:43:52,276 - allrank.utils.ltr_logging - INFO - Epoch : 182 Train loss: -0.7157429308808495 Val loss: -0.7189200306413117 Train ndcg_5 0.775626540184021 Val ndcg_5 0.7842826247215271
2024-10-10 14:43:52,278 - allrank.utils.ltr_logging - INFO - Current:0.7842826247215271 Best:0.7842761874198914
2024-10-10 14:43:52,278 - allrank.utils.ltr_logging - INFO - Current learning rate: 1.0000000000000002e-06
2024-10-10 14:50:13,550 - allrank.utils.ltr_logging - INFO - Epoch : 183 Train loss: -0.7155594794198196 Val loss: -0.7189369094570013 Train ndcg_5 0.7756996154785156 Val ndcg_5 0.7843050956726074
2024-10-10 14:50:13,552 - allrank.utils.ltr_logging - INFO - Current:0.7843050956726074 Best:0.7842826247215271
2024-10-10 14:50:13,552 - allrank.utils.ltr_logging - INFO - Current learning rate: 1.0000000000000002e-06
2024-10-10 14:56:36,354 - allrank.utils.ltr_logging - INFO - Epoch : 184 Train loss: -0.715557140822575 Val loss: -0.718943546491645 Train ndcg_5 0.7756562829017639 Val ndcg_5 0.7843360304832458
2024-10-10 14:56:36,356 - allrank.utils.ltr_logging - INFO - Current:0.7843360304832458 Best:0.7843050956726074
2024-10-10 14:56:36,356 - allrank.utils.ltr_logging - INFO - Current learning rate: 1.0000000000000002e-06
2024-10-10 15:03:00,116 - allrank.utils.ltr_logging - INFO - Epoch : 185 Train loss: -0.7157068888969907 Val loss: -0.7189835624089997 Train ndcg_5 0.7758228778839111 Val ndcg_5 0.7843097448348999
2024-10-10 15:03:00,118 - allrank.utils.ltr_logging - INFO - Current:0.7843097448348999 Best:0.7843360304832458
2024-10-10 15:03:00,118 - allrank.utils.ltr_logging - INFO - Current learning rate: 1.0000000000000002e-06
2024-10-10 15:09:23,891 - allrank.utils.ltr_logging - INFO - Epoch : 186 Train loss: -0.7156000099429618 Val loss: -0.7189478521936592 Train ndcg_5 0.7757713794708252 Val ndcg_5 0.7842692136764526
2024-10-10 15:09:23,893 - allrank.utils.ltr_logging - INFO - Current:0.7842692136764526 Best:0.7843360304832458
2024-10-10 15:09:23,893 - allrank.utils.ltr_logging - INFO - Current learning rate: 1.0000000000000002e-06
2024-10-10 15:15:46,954 - allrank.utils.ltr_logging - INFO - Epoch : 187 Train loss: -0.7158147917410096 Val loss: -0.7189324542458821 Train ndcg_5 0.7758229970932007 Val ndcg_5 0.7842819690704346
2024-10-10 15:15:46,956 - allrank.utils.ltr_logging - INFO - Current:0.7842819690704346 Best:0.7843360304832458
2024-10-10 15:15:46,956 - allrank.utils.ltr_logging - INFO - Current learning rate: 1.0000000000000002e-06
2024-10-10 15:22:09,507 - allrank.utils.ltr_logging - INFO - Epoch : 188 Train loss: -0.7157831340414912 Val loss: -0.7189283207066947 Train ndcg_5 0.7756170034408569 Val ndcg_5 0.7842837572097778
2024-10-10 15:22:09,510 - allrank.utils.ltr_logging - INFO - Current:0.7842837572097778 Best:0.7843360304832458
2024-10-10 15:22:09,510 - allrank.utils.ltr_logging - INFO - Current learning rate: 1.0000000000000002e-06
2024-10-10 15:28:30,912 - allrank.utils.ltr_logging - INFO - Epoch : 189 Train loss: -0.7158242301072002 Val loss: -0.7188987848223217 Train ndcg_5 0.7755274772644043 Val ndcg_5 0.7842559814453125
2024-10-10 15:28:30,914 - allrank.utils.ltr_logging - INFO - Current:0.7842559814453125 Best:0.7843360304832458
2024-10-10 15:28:30,915 - allrank.utils.ltr_logging - INFO - Current learning rate: 1.0000000000000002e-06
2024-10-10 15:34:52,392 - allrank.utils.ltr_logging - INFO - Epoch : 190 Train loss: -0.7157401716632842 Val loss: -0.7189325734951271 Train ndcg_5 0.7757248282432556 Val ndcg_5 0.7842933535575867
2024-10-10 15:34:52,394 - allrank.utils.ltr_logging - INFO - Current:0.7842933535575867 Best:0.7843360304832458
2024-10-10 15:34:52,394 - allrank.utils.ltr_logging - INFO - Current learning rate: 1.0000000000000002e-06
2024-10-10 15:41:17,598 - allrank.utils.ltr_logging - INFO - Epoch : 191 Train loss: -0.7157624474633897 Val loss: -0.7189313865321115 Train ndcg_5 0.7757534980773926 Val ndcg_5 0.7843255996704102
2024-10-10 15:41:17,600 - allrank.utils.ltr_logging - INFO - Current:0.7843255996704102 Best:0.7843360304832458
2024-10-10 15:41:17,600 - allrank.utils.ltr_logging - INFO - Current learning rate: 1.0000000000000002e-06
2024-10-10 15:47:40,889 - allrank.utils.ltr_logging - INFO - Epoch : 192 Train loss: -0.715739683827058 Val loss: -0.7189327218513735 Train ndcg_5 0.7756320238113403 Val ndcg_5 0.7843230366706848
2024-10-10 15:47:40,892 - allrank.utils.ltr_logging - INFO - Current:0.7843230366706848 Best:0.7843360304832458
2024-10-10 15:47:40,892 - allrank.utils.ltr_logging - INFO - Current learning rate: 1.0000000000000002e-06
2024-10-10 15:54:03,229 - allrank.utils.ltr_logging - INFO - Epoch : 193 Train loss: -0.7155529315286684 Val loss: -0.7189393813146244 Train ndcg_5 0.7756876349449158 Val ndcg_5 0.7842864394187927
2024-10-10 15:54:03,231 - allrank.utils.ltr_logging - INFO - Current:0.7842864394187927 Best:0.7843360304832458
2024-10-10 15:54:03,231 - allrank.utils.ltr_logging - INFO - Current learning rate: 1.0000000000000002e-06
2024-10-10 16:00:27,976 - allrank.utils.ltr_logging - INFO - Epoch : 194 Train loss: -0.7158235055844703 Val loss: -0.7189622294288268 Train ndcg_5 0.7757964730262756 Val ndcg_5 0.7842873334884644
2024-10-10 16:00:27,978 - allrank.utils.ltr_logging - INFO - Current:0.7842873334884644 Best:0.7843360304832458
2024-10-10 16:00:27,978 - allrank.utils.ltr_logging - INFO - Current learning rate: 1.0000000000000002e-06
2024-10-10 16:06:52,184 - allrank.utils.ltr_logging - INFO - Epoch : 195 Train loss: -0.7158243091186756 Val loss: -0.7189304314622806 Train ndcg_5 0.7755669951438904 Val ndcg_5 0.7842828631401062
2024-10-10 16:06:52,186 - allrank.utils.ltr_logging - INFO - Current:0.7842828631401062 Best:0.7843360304832458
2024-10-10 16:06:52,186 - allrank.utils.ltr_logging - INFO - Current learning rate: 1.0000000000000002e-06
2024-10-10 16:13:16,174 - allrank.utils.ltr_logging - INFO - Epoch : 196 Train loss: -0.715567356401454 Val loss: -0.7189631359918612 Train ndcg_5 0.7760432362556458 Val ndcg_5 0.7842227220535278
2024-10-10 16:13:16,176 - allrank.utils.ltr_logging - INFO - Current:0.7842227220535278 Best:0.7843360304832458
2024-10-10 16:13:16,176 - allrank.utils.ltr_logging - INFO - Current learning rate: 1.0000000000000002e-06
2024-10-10 16:19:38,555 - allrank.utils.ltr_logging - INFO - Epoch : 197 Train loss: -0.7157925766194648 Val loss: -0.7189600757212156 Train ndcg_5 0.7758446335792542 Val ndcg_5 0.7842401266098022
2024-10-10 16:19:38,556 - allrank.utils.ltr_logging - INFO - Current:0.7842401266098022 Best:0.7843360304832458
2024-10-10 16:19:38,557 - allrank.utils.ltr_logging - INFO - Current learning rate: 1.0000000000000002e-06
2024-10-10 16:26:00,391 - allrank.utils.ltr_logging - INFO - Epoch : 198 Train loss: -0.7157411706893361 Val loss: -0.7189527804783354 Train ndcg_5 0.7758980989456177 Val ndcg_5 0.7842841148376465
2024-10-10 16:26:00,394 - allrank.utils.ltr_logging - INFO - Current:0.7842841148376465 Best:0.7843360304832458
2024-10-10 16:26:00,394 - allrank.utils.ltr_logging - INFO - Current learning rate: 1.0000000000000002e-06
2024-10-10 16:32:24,062 - allrank.utils.ltr_logging - INFO - Epoch : 199 Train loss: -0.7156142150908915 Val loss: -0.7189419490826823 Train ndcg_5 0.7758451700210571 Val ndcg_5 0.7842833399772644
2024-10-10 16:32:24,064 - allrank.utils.ltr_logging - INFO - Current:0.7842833399772644 Best:0.7843360304832458
2024-10-10 16:32:24,064 - allrank.utils.ltr_logging - INFO - Current learning rate: 1.0000000000000002e-06
2024-10-10 16:38:47,562 - allrank.utils.ltr_logging - INFO - Epoch : 200 Train loss: -0.7157929196900223 Val loss: -0.7189482079611668 Train ndcg_5 0.7760191559791565 Val ndcg_5 0.7842621207237244
2024-10-10 16:38:47,564 - allrank.utils.ltr_logging - INFO - Current:0.7842621207237244 Best:0.7843360304832458
2024-10-10 16:38:47,564 - allrank.utils.ltr_logging - INFO - Current learning rate: 1.0000000000000002e-06
2024-10-10 16:45:11,323 - allrank.utils.ltr_logging - INFO - Epoch : 201 Train loss: -0.7158173065421619 Val loss: -0.7188983208576151 Train ndcg_5 0.7761330008506775 Val ndcg_5 0.7842505574226379
2024-10-10 16:45:11,325 - allrank.utils.ltr_logging - INFO - Current:0.7842505574226379 Best:0.7843360304832458
2024-10-10 16:45:11,325 - allrank.utils.ltr_logging - INFO - Current learning rate: 1.0000000000000002e-06
2024-10-10 16:51:34,178 - allrank.utils.ltr_logging - INFO - Epoch : 202 Train loss: -0.7158178083721183 Val loss: -0.7189380512860385 Train ndcg_5 0.7757477164268494 Val ndcg_5 0.7842893600463867
2024-10-10 16:51:34,180 - allrank.utils.ltr_logging - INFO - Current:0.7842893600463867 Best:0.7843360304832458
2024-10-10 16:51:34,180 - allrank.utils.ltr_logging - INFO - Current learning rate: 1.0000000000000002e-06
2024-10-10 16:57:57,625 - allrank.utils.ltr_logging - INFO - Epoch : 203 Train loss: -0.7156317458309523 Val loss: -0.7189414059936697 Train ndcg_5 0.7761447429656982 Val ndcg_5 0.7842694520950317
2024-10-10 16:57:57,628 - allrank.utils.ltr_logging - INFO - Current:0.7842694520950317 Best:0.7843360304832458
2024-10-10 16:57:57,628 - allrank.utils.ltr_logging - INFO - Current learning rate: 1.0000000000000002e-06
2024-10-10 17:04:21,570 - allrank.utils.ltr_logging - INFO - Epoch : 204 Train loss: -0.7156873093390178 Val loss: -0.7189475829227111 Train ndcg_5 0.7758305072784424 Val ndcg_5 0.7842629551887512
2024-10-10 17:04:21,572 - allrank.utils.ltr_logging - INFO - Current:0.7842629551887512 Best:0.7843360304832458
2024-10-10 17:04:21,572 - allrank.utils.ltr_logging - INFO - Current learning rate: 1.0000000000000002e-06
2024-10-10 17:10:46,320 - allrank.utils.ltr_logging - INFO - Epoch : 205 Train loss: -0.7157214624948567 Val loss: -0.7189110981529881 Train ndcg_5 0.7755897045135498 Val ndcg_5 0.7843068242073059
2024-10-10 17:10:46,322 - allrank.utils.ltr_logging - INFO - Current:0.7843068242073059 Best:0.7843360304832458
2024-10-10 17:10:46,322 - allrank.utils.ltr_logging - INFO - Current learning rate: 1.0000000000000002e-06
2024-10-10 17:17:08,065 - allrank.utils.ltr_logging - INFO - Epoch : 206 Train loss: -0.7156421262764737 Val loss: -0.7189641412271238 Train ndcg_5 0.7762431502342224 Val ndcg_5 0.784250020980835
2024-10-10 17:17:08,067 - allrank.utils.ltr_logging - INFO - Current:0.784250020980835 Best:0.7843360304832458
2024-10-10 17:17:08,067 - allrank.utils.ltr_logging - INFO - Current learning rate: 1.0000000000000002e-06
2024-10-10 17:23:34,569 - allrank.utils.ltr_logging - INFO - Epoch : 207 Train loss: -0.7157964624439074 Val loss: -0.7189297746758708 Train ndcg_5 0.7758219838142395 Val ndcg_5 0.7842466235160828
2024-10-10 17:23:34,570 - allrank.utils.ltr_logging - INFO - Current:0.7842466235160828 Best:0.7843360304832458
2024-10-10 17:23:34,571 - allrank.utils.ltr_logging - INFO - Current learning rate: 1.0000000000000002e-06
2024-10-10 17:29:58,593 - allrank.utils.ltr_logging - INFO - Epoch : 208 Train loss: -0.7156745840253802 Val loss: -0.7189581621522134 Train ndcg_5 0.7761155366897583 Val ndcg_5 0.7841824293136597
2024-10-10 17:29:58,596 - allrank.utils.ltr_logging - INFO - Current:0.7841824293136597 Best:0.7843360304832458
2024-10-10 17:29:58,596 - allrank.utils.ltr_logging - INFO - Current learning rate: 1.0000000000000002e-06
2024-10-10 17:36:22,747 - allrank.utils.ltr_logging - INFO - Epoch : 209 Train loss: -0.7158552105472312 Val loss: -0.7189658986875628 Train ndcg_5 0.7759408950805664 Val ndcg_5 0.7842211723327637
2024-10-10 17:36:22,749 - allrank.utils.ltr_logging - INFO - Current:0.7842211723327637 Best:0.7843360304832458
2024-10-10 17:36:22,750 - allrank.utils.ltr_logging - INFO - Current learning rate: 1.0000000000000002e-06
2024-10-10 17:42:46,979 - allrank.utils.ltr_logging - INFO - Epoch : 210 Train loss: -0.7157172948962168 Val loss: -0.7189009998887161 Train ndcg_5 0.7761332392692566 Val ndcg_5 0.7842621207237244
2024-10-10 17:42:46,981 - allrank.utils.ltr_logging - INFO - Current:0.7842621207237244 Best:0.7843360304832458
2024-10-10 17:42:46,982 - allrank.utils.ltr_logging - INFO - Current learning rate: 1.0000000000000002e-06
2024-10-10 17:49:11,064 - allrank.utils.ltr_logging - INFO - Epoch : 211 Train loss: -0.715623939172456 Val loss: -0.7189626647786653 Train ndcg_5 0.7760013341903687 Val ndcg_5 0.7842757701873779
2024-10-10 17:49:11,067 - allrank.utils.ltr_logging - INFO - Current:0.7842757701873779 Best:0.7843360304832458
2024-10-10 17:49:11,067 - allrank.utils.ltr_logging - INFO - Current learning rate: 1.0000000000000002e-06
2024-10-10 17:55:34,591 - allrank.utils.ltr_logging - INFO - Epoch : 212 Train loss: -0.715743430105885 Val loss: -0.7189502796452714 Train ndcg_5 0.7758871912956238 Val ndcg_5 0.7842228412628174
2024-10-10 17:55:34,593 - allrank.utils.ltr_logging - INFO - Current:0.7842228412628174 Best:0.7843360304832458
2024-10-10 17:55:34,594 - allrank.utils.ltr_logging - INFO - Current learning rate: 1.0000000000000002e-06
2024-10-10 18:01:56,652 - allrank.utils.ltr_logging - INFO - Epoch : 213 Train loss: -0.7157325564287857 Val loss: -0.7189505626209122 Train ndcg_5 0.7760393023490906 Val ndcg_5 0.7842466235160828
2024-10-10 18:01:56,654 - allrank.utils.ltr_logging - INFO - Current:0.7842466235160828 Best:0.7843360304832458
2024-10-10 18:01:56,654 - allrank.utils.ltr_logging - INFO - Current learning rate: 1.0000000000000002e-06
2024-10-10 18:08:18,300 - allrank.utils.ltr_logging - INFO - Epoch : 214 Train loss: -0.7158398917173444 Val loss: -0.7189577440143697 Train ndcg_5 0.775665819644928 Val ndcg_5 0.7842620611190796
2024-10-10 18:08:18,301 - allrank.utils.ltr_logging - INFO - Current:0.7842620611190796 Best:0.7843360304832458
2024-10-10 18:08:18,301 - allrank.utils.ltr_logging - INFO - Current learning rate: 1.0000000000000002e-06
2024-10-10 18:14:41,134 - allrank.utils.ltr_logging - INFO - Epoch : 215 Train loss: -0.7157726452255241 Val loss: -0.7189771091135209 Train ndcg_5 0.775732696056366 Val ndcg_5 0.7842572927474976
2024-10-10 18:14:41,136 - allrank.utils.ltr_logging - INFO - Current:0.7842572927474976 Best:0.7843360304832458
2024-10-10 18:14:41,136 - allrank.utils.ltr_logging - INFO - early stopping at epoch 215 since ndcg_5 didn't improve from epoch no 184. Best value 0.7843360304832458, current value 0.7842572927474976
